Configuration file ".\S16.config" not found
  1: ;--------------------------------------------------
  2: ; Dr. Art Hanna
  3: ; Final Exam, Problem #2 config file
  4: ; Problem2.config
  5: ;--------------------------------------------------
  6: ; TRACE-ing parameters setting must be one of { true,false }
  7: ENABLE_TRACING = true
  8: TRACE_INSTRUCTIONS = false
  9: TRACE_MEMORY_ALLOCATION = true
 10: TRACE_SJF_SCHEDULING = false
 11: TRACE_SCHEDULER = false
 12: TRACE_DISPATCHER = false
 13: TRACE_QUEUES = false
 14: TRACE_STATISTICS = true
 15: TRACE_HWINTERRUPTS = true
 16: TRACE_MISCELLANEOUS_SVC = false
 17: TRACE_PROCESS_MANAGEMENT = true
 18: TRACE_RESOURCE_MANAGEMENT = true
 19: TRACE_TERMINAL_IO = true
 20: TRACE_DISK_IO = false
 21: TRACE_MEMORYSEGMENTS = false
 22: TRACE_MESSAGEBOXES = false
 23: TRACE_SEMAPHORES = false
 24: TRACE_MUTEXES = false
 25: TRACE_EVENTS = false
 26: TRACE_PIPES = false
 27: ;***NEW
 28: TRACE_DEADLOCK_DETECTION = true
 29: TRACE_SIGNALS = true
 30: ;***ENDNEW
 31: 
 32: ; CPU short-term scheduler setting must be one of { FCFS_CPU_SCHEDULER,PRIORITY_CPU_SCHEDULER,SJF_CPU_SCHEDULER }
 33: CPU_SCHEDULER = FCFS_CPU_SCHEDULER;
 34: 
 35: ; Priority parameter settings must satisfy ( MAXIMUM_PRIORITY <= DEFAULT_PRIORITY <= MINIMUM_PRIORITY )
 36: MINIMUM_PRIORITY = 10
 37: DEFAULT_PRIORITY =  5
 38: MAXIMUM_PRIORITY =  1
 39: 
 40: ; SJF alpha parameter setting must be a fixed-point number in the range [ 0.0,1.0 ]
 41: alpha = 0.50
 42: 
 43: ; setting must be in { true,false }, time quantum setting must satisfy ( 50 <= TIME_QUANTUM )
 44: USE_PREEMPTIVE_CPU_SCHEDULER = false
 45: TIME_QUANTUM = 10000
 46: 
 47: ; message queue scheduler parameter setting must be FCFS_MQ_SCHEDULER
 48: MQ_SCHEDULER = FCFS_MQ_SCHEDULER
 49: 
 50: ; disk IO queue scheduler parameter setting must be FCFS_DISKIOQ_SCHEDULER
 51: DISKIOQ_SCHEDULER = FCFS_DISKIOQ_SCHEDULER
 52: 
 53: ; setting must be one of { true,false }, S16clock quantum must satisfy ( 10000 <= S16CLOCK_QUANTUM )
 54: USE_S16CLOCK_QUANTUM = false
 55: S16CLOCK_QUANTUM = 10000
 56: 
 57: ; service request wait time parameters must satisfy ( 20 <= MINIMUM_SVCWAITTIME <= MAXIMUM_SVCWAITTIME )
 58: MINIMUM_SVCWAITTIME =  20
 59: MAXIMUM_SVCWAITTIME = 100
 60: 
 61: ;***NEW***
 62: ; context switch time should satisfy ( CONTEXT_SWITCH_TIME > 0 )
 63: CONTEXT_SWITCH_TIME = 10
 64: 
 65: ; deadlock detection algorithm should be one of 
 66: ;   { DEADLOCK_DETECTION_METHOD1,DEADLOCK_DETECTION_METHOD2,NO_DEADLOCK_DETECTION }
 67: DEADLOCK_DETECTION_ALGORITHM = DEADLOCK_DETECTION_METHOD1
 68: ;***ENDNEW
 69: 
 70: ; Terminal I/O settings
 71: DEFAULT_TERMINAL_PROMPT = "? "
 72: TRUE_STRING  = "true"
 73: FALSE_STRING = "false"
 74: 
 75: ; default SSSize measured in pages
 76: DEFAULT_SSSIZE_IN_PAGES = 8
---------------------------------------------------------
S16/S16OS version FA2022

Tracing is enabled
   Trace memory allocations
   Trace individual process statistics and system statistics
   Trace occurrence of hardware interrupts
   Trace process management activities
   Trace resource management activities
   Trace terminal IO
   Trace deadlock detection
   Trace signals

Maximum number of resources is  512

Using First Come/First Serve (FCFS) short-term CPU scheduler

Using non-preemptive short-term CPU scheduler

Using FCFS message queue scheduler

Using FCFS disk IO queue scheduler

Not guarding against run-away execution

Minimum SVC wait time is    20
Maximum SVC wait time is   100

Context switch time is    10

Using single-instance resource deadlock detection algorithm (method #1)

Default terminal prompt is "? "
TRUE string is "true"
FALSE string is "false"

Default SSSize in pages is 8
---------------------------------------------------------

@         0      allocate JOBS resource "Problem2" (handle 1)
@         0(  1) allocated physical page 0 (code-segment for new job)
@         0(  1) allocated physical page 1 (data-segment for new job)
@         0(  1) allocated physical page 2 (stack-segment for new job)
@         0(  1) allocated physical page 3 (stack-segment for new job)
@         0(  1) allocated physical page 4 (stack-segment for new job)
@         0(  1) allocated physical page 5 (stack-segment for new job)
@         0(  1) allocated physical page 6 (stack-segment for new job)
@         0(  1) allocated physical page 7 (stack-segment for new job)
@         0(  1) allocated physical page 8 (stack-segment for new job)
@         0(  1) allocated physical page 9 (stack-segment for new job)
@         0(  1) create heavyweight process "Problem2"
(  1)< n [0,24]? 24
(  1)> F(-1) = 24
(  1)> F(-1) = 24
(  1)> F(-1) = 24
(  1)> F(-1) = 24
(  1)> F(-1) = 24
(  1)> F(-1) = 24
(  1)> F(-1) = 24
(  1)> F(-1) = 24
(  1)> F(-1) = 24
(  1)> F(-1) = 24
(  1)> F(-1) = 24
(  1)> F(-1) = 24
(  1)> F(-1) = 24
(  1)> F(-1) = 24
(  1)> F(-1) = 24
(  1)> F(-1) = 24
(  1)> F(-1) = 24
(  1)> F(-1) = 24
(  1)> F(-1) = 24
(  1)> F(-1) = 24
(  1)> F(-1) = 24
(  1)> F(-1) = 24
(  1)> F(-1) = 24
(  1)> F(-1) = 24
(  1)> F(-1) = 24
(  1)> F(-1) = 24
(  1)> F(-1) = 24
(  1)> F(-1) = 24
(  1)> F(-1) = 24
(  1)> F(-1) = 24
(  1)> F(-1) = 24
(  1)> F(-1) = 24
(  1)> F(-1) = 24
(  1)> F(-1) = 24
(  1)> F(-1) = 24
(  1)> F(-1) = 24
(  1)> F(-1) = 24
(  1)> F(-1) = 24
(  1)> F(-1) = 24
(  1)> F(-1) = 24
(  1)> F(-1) = 24
(  1)> F(-1) = 24
(  1)> F(-1) = 24
(  1)> F(-1) = 24
(  1)> F(-1) = 24
(  1)> F(-1) = 24
(  1)> F(-1) = 24
(  1)> F(-1) = 24
(  1)> F(-1) = 24
(  1)> F(-1) = 24
(  1)> F(-1) = 24
(  1)> F(-1) = 24
(  1)> F(-1) = 24
(  1)> F(-1) = 24
(  1)> F(-1) = 24
(  1)> F(-1) = 24
(  1)> F(-1) = 24
(  1)> F(-1) = 24
(  1)> F(-1) = 24
(  1)> F(-1) = 24
(  1)> F(-1) = 24
(  1)> F(-1) = 24
(  1)> F(-1) = 24
(  1)> F(-1) = 24
(  1)> F(-1) = 24
(  1)> F(-1) = 24
(  1)> F(-1) = 24
(  1)> F(-1) = 24
(  1)> F(-1) = 24
(  1)> F(-1) = 24
(  1)> F(-1) = 24
(  1)> F(-1) = 24
(  1)> F(-1) = 24
(  1)> F(-1) = 24
(  1)> F(-1) = 24
(  1)> F(-1) = 24
(  1)> F(-1) = 24
(  1)> F(-1) = 24
(  1)> F(-1) = 24
(  1)> F(-1) = 24
(  1)> F(-1) = 24
(  1)> F(-1) = 24
(  1)> F(-1) = 24
(  1)> F(-1) = 24
(  1)> F(-1) = 24
(  1)> F(-1) = 24
(  1)> F(-1) = 24
(  1)> F(-1) = 24
(  1)> F(-1) = 24
(  1)> F(-1) = 24
(  1)> F(-1) = 24
(  1)> F(-1) = 24
(  1)> F(-1) = 24
(  1)> F(-1) = 24
(  1)> F(-1) = 24
(  1)> F(-1) = 24
(  1)> F(-1) = 24
(  1)> F(-1) = 24
(  1)> F(-1) = 24
(  1)> F(-1) = 24
(  1)> F(-1) = 24
(  1)> F(-1) = 24
(  1)> F(-1) = 24
(  1)> F(-1) = 24
(  1)> F(-1) = 24
(  1)> F(-1) = 24
(  1)> F(-1) = 24
(  1)> F(-1) = 24
(  1)> F(-1) = 24
(  1)> F(-1) = 24
(  1)> F(-1) = 24
(  1)> F(-1) = 24
(  1)> F(-1) = 24
(  1)> F(-1) = 24
(  1)> F(-1) = 24
(  1)> F(-1) = 24
(  1)> F(-1) = 24
(  1)> F(-1) = 24
(  1)> F(-1) = 24
(  1)> F(-1) = 24
(  1)> F(-1) = 24
(  1)> F(-1) = 24
(  1)> F(-1) = 24
(  1)> F(-1) = 24
(  1)> F(-1) = 24
(  1)> F(-1) = 24
(  1)> F(-1) = 24
(  1)> F(-1) = 24
(  1)> F(-1) = 24
(  1)> F(-1) = 24
(  1)> F(-1) = 24
(  1)> F(-1) = 24
(  1)> F(-1) = 24
(  1)> F(-1) = 24
(  1)> F(-1) = 24
(  1)> F(-1) = 24
(  1)> F(-1) = 24
(  1)> F(-1) = 24
(  1)> F(-1) = 24
(  1)> F(-1) = 24
(  1)> F(-1) = 24
(  1)> F(-1) = 24
(  1)> F(-1) = 24
(  1)> F(-1) = 24
(  1)> F(-1) = 24
(  1)> F(-1) = 24
(  1)> F(-1) = 24
(  1)> F(-1) = 24
(  1)> F(-1) = 24
(  1)> F(-1) = 24
(  1)> F(-1) = 24
(  1)> F(-1) = 24
(  1)> F(-1) = 24
(  1)> F(-1) = 24
(  1)> F(-1) = 24
(  1)> F(-1) = 24
(  1)> F(-1) = 24
(  1)> F(-1) = 24
(  1)> F(-1) = 24
(  1)> F(-1) = 24
(  1)> F(-1) = 24
(  1)> F(-1) = 24
(  1)> F(-1) = 24
(  1)> F(-1) = 24
(  1)> F(-1) = 24
(  1)> F(-1) = 24
(  1)> F(-1) = 24
(  1)> F(-1) = 24
(  1)> F(-1) = 24
(  1)> F(-1) = 24
(  1)> F(-1) = 24
(  1)> F(-1) = 24
(  1)> F(-1) = 24
(  1)> F(-1) = 24
(  1)> F(-1) = 24
(  1)> F(-1) = 24
(  1)> F(-1) = 24
(  1)> F(-1) = 24
(  1)> F(-1) = 24
(  1)> F(-1) = 24
(  1)> F(-1) = 24
(  1)> F(-1) = 24
(  1)> F(-1) = 24
(  1)> F(-1) = 24
(  1)> F(-1) = 24
(  1)> F(-1) = 24
(  1)> F(-1) = 24
(  1)> F(-1) = 24
(  1)> F(-1) = 24
(  1)> F(-1) = 24
(  1)> F(-1) = 24
(  1)> F(-1) = 24
(  1)> F(-1) = 24
(  1)> F(-1) = 24
(  1)> F(-1) = 24
(  1)> F(-1) = 24
(  1)> F(-1) = 24
(  1)> F(-1) = 24
(  1)> F(-1) = 24
(  1)> F(-1) = 24
(  1)> F(-1) = 24
(  1)> F(-1) = 24
(  1)> F(-1) = 24
(  1)> F(-1) = 24
(  1)> F(-1) = 24
(  1)> F(-1) = 24
(  1)> F(-1) = 24
(  1)> F(-1) = 24
(  1)> F(-1) = 24
(  1)> F(-1) = 24
(  1)> F(-1) = 24
(  1)> F(-1) = 24
(  1)> F(-1) = 24
(  1)> F(-1) = 24
(  1)> F(-1) = 24
(  1)> F(-1) = 24
(  1)> F(-1) = 24
(  1)> F(-1) = 24
(  1)> F(-1) = 24
(  1)> F(-1) = 24
(  1)> F(-1) = 24
(  1)> F(-1) = 24
(  1)> F(-1) = 24
(  1)> F(-1) = 24
(  1)> F(-1) = 24
(  1)> F(-1) = 24
(  1)> F(-1) = 24
(  1)> F(-1) = 24
(  1)> F(-1) = 24
(  1)> F(-1) = 24
(  1)> F(-1) = 24
(  1)> F(-1) = 24
(  1)> F(-1) = 24
(  1)> F(-1) = 24
(  1)> F(-1) = 24
(  1)> F(-1) = 24
(  1)> F(-1) = 24
(  1)> F(-1) = 24
(  1)> F(-1) = 24
(  1)> F(-1) = 24
(  1)> F(-1) = 24
(  1)> F(-1) = 24
(  1)> F(-1) = 24
(  1)> F(-1) = 24
(  1)> F(-1) = 24
(  1)> F(-1) = 24
(  1)> F(-1) = 24
(  1)> F(-1) = 24
(  1)> F(-1) = 24
(  1)> F(-1) = 24
(  1)> F(-1) = 24
(  1)> F(-1) = 24
(  1)> F(-1) = 24
(  1)> F(-1) = 24
(  1)> F(-1) = 24
(  1)> F(-1) = 24
(  1)> F(-1) = 24
(  1)> F(-1) = 24
(  1)> F(-1) = 24
(  1)> F(-1) = 24
(  1)> F(-1) = 24
(  1)> F(-1) = 24
(  1)> F(-1) = 24
(  1)> F(-1) = 24
(  1)> F(-1) = 24
(  1)> F(-1) = 24
(  1)> F(-1) = 24
(  1)> F(-1) = 24
(  1)> F(-1) = 24
(  1)> F(-1) = 24
(  1)> F(-1) = 24
(  1)> F(-1) = 24
(  1)> F(-1) = 24
(  1)> F(-1) = 24
(  1)> F(-1) = 24
(  1)> F(-1) = 24
(  1)> F(-1) = 24
(  1)> F(-1) = 24
(  1)> F(-1) = 24
(  1)> F(-1) = 24
(  1)> F(-1) = 24
(  1)> F(-1) = 24
(  1)> F(-1) = 24
(  1)> F(-1) = 24
(  1)> F(-1) = 24
(  1)> F(-1) = 24
(  1)> F(-1) = 24
(  1)> F(-1) = 24
(  1)> F(-1) = 24
(  1)> F(-1) = 24
(  1)> F(-1) = 24
(  1)> F(-1) = 24
(  1)> F(-1) = 24
(  1)> F(-1) = 24
(  1)> F(-1) = 24
(  1)> F(-1) = 24
(  1)> F(-1) = 24
(  1)> F(-1) = 24
(  1)> F(-1) = 24
(  1)> F(-1) = 24
(  1)> F(-1) = 24
(  1)> F(-1) = 24
(  1)> F(-1) = 24
(  1)> F(-1) = 24
(  1)> F(-1) = 24
(  1)> F(-1) = 24
(  1)> F(-1) = 24
(  1)> F(-1) = 24
(  1)> F(-1) = 24
(  1)> F(-1) = 24
(  1)> F(-1) = 24
(  1)> F(-1) = 24
(  1)> F(-1) = 24
(  1)> F(-1) = 24
(  1)> F(-1) = 24
(  1)> F(-1) = 24
(  1)> F(-1) = 24
(  1)> F(-1) = 24
(  1)> F(-1) = 24
(  1)> F(-1) = 24
(  1)> F(-1) = 24
(  1)> F(-1) = 24
(  1)> F(-1) = 24
(  1)> F(-1) = 24
(  1)> F(-1) = 24
(  1)> F(-1) = 24
(  1)> F(-1) = 24
(  1)> F(-1) = 24
(  1)> F(-1) = 24
(  1)> F(-1) = 24
(  1)> F(-1) = 24
(  1)> F(-1) = 24
(  1)> F(-1) = 24
(  1)> F(-1) = 24
(  1)> F(-1) = 24
(  1)> F(-1) = 24
(  1)> F(-1) = 24
(  1)> F(-1) = 24
(  1)> F(-1) = 24
(  1)> F(-1) = 24
(  1)> F(-1) = 24
(  1)> F(-1) = 24
(  1)> F(-1) = 24
(  1)> F(-1) = 24
(  1)> F(-1) = 24
(  1)> F(-1) = 24
(  1)> F(-1) = 24
(  1)> F(-1) = 24
(  1)> F(-1) = 24
(  1)> F(-1) = 24
(  1)> F(-1) = 24
(  1)> F(-1) = 24
(  1)> F(-1) = 24
(  1)> F(-1) = 24
(  1)> F(-1) = 24
(  1)> F(-1) = 24
(  1)> F(-1) = 24
(  1)> F(-1) = 24
(  1)> F(-1) = 24
(  1)> F(-1) = 24
(  1)> F(-1) = 24
(  1)> F(-1) = 24
(  1)> F(-1) = 24
(  1)> F(-1) = 24
(  1)> F(-1) = 24
(  1)> F(-1) = 24
(  1)> F(-1) = 24
(  1)> F(-1) = 24
(  1)> F(-1) = 24
(  1)> F(-1) = 24
(  1)> F(-1) = 24
(  1)> F(-1) = 24
(  1)> F(-1) = 24
(  1)> F(-1) = 24
(  1)> F(-1) = 24
(  1)> F(-1) = 24
(  1)> F(-1) = 24
(  1)> F(-1) = 24
(  1)> F(-1) = 24
(  1)> F(-1) = 24
(  1)> F(-1) = 24
(  1)> F(-1) = 24
(  1)> F(-1) = 24
(  1)> F(-1) = 24
(  1)> F(-1) = 24
(  1)> F(-1) = 24
(  1)> F(-1) = 24
(  1)> F(-1) = 24
(  1)> F(-1) = 24
(  1)> F(-1) = 24
(  1)> F(-1) = 24
(  1)> F(-1) = 24
(  1)> F(-1) = 24
(  1)> F(-1) = 24
(  1)> F(-1) = 24
(  1)> F(-1) = 24
(  1)> F(-1) = 24
(  1)> F(-1) = 24
(  1)> F(-1) = 24
(  1)> F(-1) = 24
(  1)> F(-1) = 24
(  1)> F(-1) = 24
(  1)> F(-1) = 24
(  1)> F(-1) = 24
(  1)> F(-1) = 24
(  1)> F(-1) = 24
(  1)> F(-1) = 24
(  1)> F(-1) = 24
(  1)> F(-1) = 24
(  1)> F(-1) = 24
(  1)> F(-1) = 24
(  1)> F(-1) = 24
(  1)> F(-1) = 24
(  1)> F(-1) = 24
(  1)> F(-1) = 24
(  1)> F(-1) = 24
(  1)> F(-1) = 24
(  1)> F(-1) = 24
(  1)> F(-1) = 24
(  1)> F(-1) = 24
(  1)> F(-1) = 24
(  1)> F(-1) = 24
(  1)> F(-1) = 24
(  1)> F(-1) = 24
(  1)> F(-1) = 24
(  1)> F(-1) = 24
(  1)> F(-1) = 24
(  1)> F(-1) = 24
(  1)> F(-1) = 24
(  1)> F(-1) = 24
(  1)> F(-1) = 24
(  1)> F(-1) = 24
(  1)> F(-1) = 24
(  1)> F(-1) = 24
(  1)> F(-1) = 24
(  1)> F(-1) = 24
(  1)> F(-1) = 24
(  1)> F(-1) = 24
(  1)> F(-1) = 24
(  1)> F(-1) = 24
(  1)> F(-1) = 24
(  1)> F(-1) = 24
(  1)> F(-1) = 24
(  1)> F(-1) = 24
(  1)> F(-1) = 24
(  1)> F(-1) = 24
(  1)> F(-1) = 24
(  1)> F(-1) = 24
(  1)> F(-1) = 24
(  1)> F(-1) = 24
(  1)> F(-1) = 24
(  1)> F(-1) = 24
(  1)> F(-1) = 24
(  1)> F(-1) = 24
(  1)> F(-1) = 24
(  1)> F(-1) = 24
(  1)> F(-1) = 24
(  1)> F(-1) = 24
(  1)> F(-1) = 24
(  1)> F(-1) = 24
(  1)> F(-1) = 24
(  1)> F(-1) = 24
(  1)> F(-1) = 24
(  1)> F(-1) = 24
(  1)> F(-1) = 24
(  1)> F(-1) = 24
(  1)> F(-1) = 24
(  1)> F(-1) = 24
(  1)> F(-1) = 24
(  1)> F(-1) = 24
(  1)> F(-1) = 24
(  1)> F(-1) = 24
(  1)> F(-1) = 24
(  1)> F(-1) = 24
(  1)> F(-1) = 24
(  1)> F(-1) = 24
(  1)> F(-1) = 24
(  1)> F(-1) = 24
(  1)> F(-1) = 24
(  1)> F(-1) = 24
(  1)> F(-1) = 24
(  1)> F(-1) = 24
(  1)> F(-1) = 24
(  1)> F(-1) = 24
(  1)> F(-1) = 24
(  1)> F(-1) = 24
(  1)> F(-1) = 24
(  1)> F(-1) = 24
(  1)> F(-1) = 24
(  1)> F(-1) = 24
(  1)> F(-1) = 24
(  1)> F(-1) = 24
(  1)> F(-1) = 24
(  1)> F(-1) = 24
(  1)> F(-1) = 24
(  1)> F(-1) = 24
(  1)> F(-1) = 24
(  1)> F(-1) = 24
(  1)> F(-1) = 24
(  1)> F(-1) = 24
(  1)> F(-1) = 24
(  1)> F(-1) = 24
(  1)> F(-1) = 24
(  1)> F(-1) = 24
(  1)> F(-1) = 24
(  1)> F(-1) = 24
(  1)> F(-1) = 24
(  1)> F(-1) = 24
(  1)> F(-1) = 24
(  1)> F(-1) = 24
(  1)> F(-1) = 24
(  1)> F(-1) = 24
(  1)> F(-1) = 24
(  1)> F(-1) = 24
(  1)> F(-1) = 24
(  1)> F(-1) = 24
(  1)> F(-1) = 24
(  1)> F(-1) = 24
(  1)> F(-1) = 24
(  1)> F(-1) = 24
(  1)> F(-1) = 24
(  1)> F(-1) = 24
(  1)> F(-1) = 24
(  1)> F(-1) = 24
(  1)> F(-1) = 24
(  1)> F(-1) = 24
(  1)> F(-1) = 24
(  1)> F(-1) = 24
(  1)> F(-1) = 24
(  1)> F(-1) = 24
(  1)> F(-1) = 24
(  1)> F(-1) = 24
(  1)> F(-1) = 24
(  1)> F(-1) = 24
(  1)> F(-1) = 24
(  1)> F(-1) = 24
(  1)> F(-1) = 24
(  1)> F(-1) = 24
(  1)> F(-1) = 24
(  1)> F(-1) = 24
(  1)> F(-1) = 24
(  1)> F(-1) = 24
(  1)> F(-1) = 24
(  1)> F(-1) = 24
(  1)> F(-1) = 24
(  1)> F(-1) = 24
(  1)> F(-1) = 24
(  1)> F(-1) = 24
(  1)> F(-1) = 24
(  1)> F(-1) = 24
(  1)> F(-1) = 24
(  1)> F(-1) = 24
(  1)> F(-1) = 24
(  1)> F(-1) = 24
(  1)> F(-1) = 24
(  1)> F(-1) = 24
(  1)> F(-1) = 24
(  1)> F(-1) = 24
(  1)> F(-1) = 24
(  1)> F(-1) = 24
(  1)> F(-1) = 24
(  1)> F(-1) = 24
(  1)> F(-1) = 24
(  1)> F(-1) = 24
(  1)> F(-1) = 24
(  1)> F(-1) = 24
(  1)> F(-1) = 24
(  1)> F(-1) = 24
(  1)> F(-1) = 24
(  1)> F(-1) = 24
(  1)> F(-1) = 24
(  1)> F(-1) = 24
(  1)> F(-1) = 24
(  1)> F(-1) = 24
(  1)> F(-1) = 24
(  1)> F(-1) = 24
(  1)> F(-1) = 24
(  1)> F(-1) = 24
(  1)> F(-1) = 24
(  1)> F(-1) = 24
(  1)> F(-1) = 24
(  1)> F(-1) = 24
(  1)> F(-1) = 24
(  1)> F(-1) = 24
(  1)> F(-1) = 24
(  1)> F(-1) = 24
(  1)> F(-1) = 24
(  1)> F(-1) = 24
(  1)> F(-1) = 24
(  1)> F(-1) = 24
(  1)> F(-1) = 24
(  1)> F(-1) = 24
(  1)> F(-1) = 24
(  1)> F(-1) = 24
(  1)> F(-1) = 24
(  1)> F(-1) = 24
(  1)> F(-1) = 24
(  1)> F(-1) = 24
(  1)> F(-1) = 24
(  1)> F(-1) = 24
(  1)> F(-1) = 24
(  1)> F(-1) = 24
(  1)> F(-1) = 24
(  1)> F(-1) = 24
(  1)> F(-1) = 24
(  1)> F(-1) = 24
(  1)> F(-1) = 24
(  1)> F(-1) = 24
(  1)> F(-1) = 24
(  1)> F(-1) = 24
(  1)> F(-1) = 24
(  1)> F(-1) = 24
(  1)> F(-1) = 24
(  1)> F(-1) = 24
(  1)> F(-1) = 24
(  1)> F(-1) = 24
(  1)> F(-1) = 24
(  1)> F(-1) = 24
(  1)> F(-1) = 24
(  1)> F(-1) = 24
(  1)> F(-1) = 24
(  1)> F(-1) = 24
(  1)> F(-1) = 24
(  1)> F(-1) = 24
(  1)> F(-1) = 24
(  1)> F(-1) = 24
(  1)> F(-1) = 24
(  1)> F(-1) = 24
(  1)> F(-1) = 24
(  1)> F(-1) = 24
(  1)> F(-1) = 24
(  1)> F(-1) = 24
(  1)> F(-1) = 24
(  1)> F(-1) = 24
(  1)> F(-1) = 24
(  1)> F(-1) = 24
(  1)> F(-1) = 24
(  1)> F(-1) = 24
(  1)> F(-1) = 24
(  1)> F(-1) = 24
(  1)> F(-1) = 24
(  1)> F(-1) = 24
(  1)> F(-1) = 24
(  1)> F(-1) = 24
(  1)> F(-1) = 24
(  1)> F(-1) = 24
(  1)> F(-1) = 24
(  1)> F(-1) = 24
(  1)> F(-1) = 24
(  1)> F(-1) = 24
(  1)> F(-1) = 24
(  1)> F(-1) = 24
(  1)> F(-1) = 24
(  1)> F(-1) = 24
(  1)> F(-1) = 24
(  1)> F(-1) = 24
(  1)> F(-1) = 24
(  1)> F(-1) = 24
(  1)> F(-1) = 24
(  1)> F(-1) = 24
(  1)> F(-1) = 24
(  1)> F(-1) = 24
(  1)> F(-1) = 24
(  1)> F(-1) = 24
(  1)> F(-1) = 24
(  1)> F(-1) = 24
(  1)> F(-1) = 24
(  1)> F(-1) = 24
(  1)> F(-1) = 24
(  1)> F(-1) = 24
(  1)> F(-1) = 24
(  1)> F(-1) = 24
(  1)> F(-1) = 24
(  1)> F(-1) = 24
(  1)> F(-1) = 24
(  1)> F(-1) = 24
(  1)> F(-1) = 24
(  1)> F(-1) = 24
(  1)> F(-1) = 24
(  1)> F(-1) = 24
(  1)> F(-1) = 24
(  1)> F(-1) = 24
(  1)> F(-1) = 24
(  1)> F(-1) = 24
(  1)> F(-1) = 24
(  1)> F(-1) = 24
(  1)> F(-1) = 24
(  1)> F(-1) = 24
(  1)> F(-1) = 24
(  1)> F(-1) = 24
(  1)> F(-1) = 24
(  1)> F(-1) = 24
(  1)> F(-1) = 24
(  1)> F(-1) = 24
(  1)> F(-1) = 24
(  1)> F(-1) = 24
(  1)> F(-1) = 24
(  1)> F(-1) = 24
(  1)> F(-1) = 24
(  1)> F(-1) = 24
(  1)> F(-1) = 24
(  1)> F(-1) = 24
(  1)> F(-1) = 24
(  1)> F(-1) = 24
(  1)> F(-1) = 24
(  1)> F(-1) = 24
(  1)> F(-1) = 24
(  1)> F(-1) = 24
(  1)> F(-1) = 24
(  1)> F(-1) = 24
(  1)> F(-1) = 24
(  1)> F(-1) = 24
(  1)> F(-1) = 24
(  1)> F(-1) = 24
(  1)> F(-1) = 24
(  1)> F(-1) = 24
(  1)> F(-1) = 24
(  1)> F(-1) = 24
(  1)> F(-1) = 24
(  1)> F(-1) = 24
(  1)> F(-1) = 24
(  1)> F(-1) = 24
(  1)> F(-1) = 24
(  1)> F(-1) = 24
(  1)> F(-1) = 24
(  1)> F(-1) = 24
(  1)> F(-1) = 24
(  1)> F(-1) = 24
(  1)> F(-1) = 24
(  1)> F(-1) = 24
(  1)> F(-1) = 24
(  1)> F(-1) = 24
(  1)> F(-1) = 24
(  1)> F(-1) = 24
(  1)> F(-1) = 24
(  1)> F(-1) = 24
(  1)> F(-1) = 24
(  1)> F(-1) = 24
(  1)> F(-1) = 24
(  1)> F(-1) = 24
(  1)> F(-1) = 24
(  1)> F(-1) = 24
(  1)> F(-1) = 24
(  1)> F(-1) = 24
(  1)> F(-1) = 24
(  1)> F(-1) = 24
(  1)> F(-1) = 24
(  1)> F(-1) = 24
(  1)> F(-1) = 24
(  1)> F(-1) = 24
(  1)> F(-1) = 24
(  1)> F(-1) = 24
(  1)> F(-1) = 24
(  1)> F(-1) = 24
(  1)> F(-1) = 24
(  1)> F(-1) = 24
(  1)> F(-1) = 24
(  1)> F(-1) = 24
(  1)> F(-1) = 24
(  1)> F(-1) = 24
(  1)> F(-1) = 24
(  1)> F(-1) = 24
(  1)> F(-1) = 24
(  1)> F(-1) = 24
(  1)> F(-1) = 24
(  1)> F(-1) = 24
(  1)> F(-1) = 24
(  1)> F(-1) = 24
(  1)> F(-1) = 24
(  1)> F(-1) = 24
(  1)> F(-1) = 24
(  1)> F(-1) = 24
(  1)> F(-1) = 24
(  1)> F(-1) = 24
(  1)> F(-1) = 24
(  1)> F(-1) = 24
(  1)> F(-1) = 24
(  1)> F(-1) = 24
(  1)> F(-1) = 24
(  1)> F(-1) = 24
(  1)> F(-1) = 24
(  1)> F(-1) = 24
(  1)> F(-1) = 24
(  1)> F(-1) = 24
(  1)> F(-1) = 24
(  1)> F(-1) = 24
(  1)> F(-1) = 24
(  1)> F(-1) = 24
(  1)> F(-1) = 24
(  1)> F(-1) = 24
(  1)> F(-1) = 24
(  1)> F(-1) = 24
(  1)> F(-1) = 24
(  1)> F(-1) = 24
(  1)> F(-1) = 24
(  1)> F(-1) = 24
(  1)> F(-1) = 24
(  1)> F(-1) = 24
(  1)> F(-1) = 24
(  1)> F(-1) = 24
(  1)> F(-1) = 24
(  1)> F(-1) = 24
(  1)> F(-1) = 24
(  1)> F(-1) = 24
(  1)> F(-1) = 24
(  1)> F(-1) = 24
(  1)> F(-1) = 24
(  1)> F(-1) = 24
(  1)> F(-1) = 24
(  1)> F(-1) = 24
(  1)> F(-1) = 24
(  1)> F(-1) = 24
(  1)> F(-1) = 24
(  1)> F(-1) = 24
(  1)> F(-1) = 24
(  1)> F(-1) = 24
(  1)> F(-1) = 24
(  1)> F(-1) = 24
(  1)> F(-1) = 24
(  1)> F(-1) = 24
(  1)> F(-1) = 24
(  1)> F(-1) = 24
(  1)> F(-1) = 24
(  1)> F(-1) = 24
(  1)> F(-1) = 24
(  1)> F(-1) = 24
(  1)> F(-1) = 24
(  1)> F(-1) = 24
(  1)> F(-1) = 24
(  1)> F(-1) = 24
(  1)> F(-1) = 24
(  1)> F(-1) = 24
(  1)> F(-1) = 24
(  1)> F(-1) = 24
(  1)> F(-1) = 24
(  1)> F(-1) = 24
(  1)> F(-1) = 24
(  1)> F(-1) = 24
(  1)> F(-1) = 24
(  1)> F(-1) = 24
(  1)> F(-1) = 24
(  1)> F(-1) = 24
(  1)> F(-1) = 24
(  1)> F(-1) = 24
(  1)> F(-1) = 24
(  1)> F(-1) = 24
(  1)> F(-1) = 24
(  1)> F(-1) = 24
(  1)> F(-1) = 24
(  1)> F(-1) = 24
(  1)> F(-1) = 24
(  1)> F(-1) = 24
(  1)> F(-1) = 24
(  1)> F(-1) = 24
(  1)> F(-1) = 24
(  1)> F(-1) = 24
(  1)> F(-1) = 24
(  1)> F(-1) = 24
(  1)> F(-1) = 24
(  1)> F(-1) = 24
(  1)> F(-1) = 24
(  1)> F(-1) = 24
(  1)> F(-1) = 24
(  1)> F(-1) = 24
(  1)> F(-1) = 24
(  1)> F(-1) = 24
(  1)> F(-1) = 24
(  1)> F(-1) = 24
(  1)> F(-1) = 24
(  1)> F(-1) = 24
(  1)> F(-1) = 24
(  1)> F(-1) = 24
(  1)> F(-1) = 24
(  1)> F(-1) = 24
(  1)> F(-1) = 24
(  1)> F(-1) = 24
(  1)> F(-1) = 24
(  1)> F(-1) = 24
(  1)> F(-1) = 24
(  1)> F(-1) = 24
(  1)> F(-1) = 24
(  1)> F(-1) = 24
(  1)> F(-1) = 24
(  1)> F(-1) = 24
(  1)> F(-1) = 24
(  1)> F(-1) = 24
(  1)> F(-1) = 24
(  1)> F(-1) = 24
(  1)> F(-1) = 24
(  1)> F(-1) = 24
(  1)> F(-1) = 24
(  1)> F(-1) = 24
(  1)> F(-1) = 24
(  1)> F(-1) = 24
(  1)> F(-1) = 24
(  1)> F(-1) = 24
(  1)> F(-1) = 24
(  1)> F(-1) = 24
(  1)> F(-1) = 24
(  1)> F(-1) = 24
(  1)> F(-1) = 24
(  1)> F(-1) = 24
(  1)> F(-1) = 24
(  1)> F(-1) = 24
(  1)> F(-1) = 24
(  1)> F(-1) = 24
(  1)> F(-1) = 24
(  1)> F(-1) = 24
(  1)> F(-1) = 24
(  1)> F(-1) = 24
(  1)> F(-1) = 24
(  1)> F(-1) = 24
(  1)> F(-1) = 24
(  1)> F(-1) = 24
(  1)> F(-1) = 24
(  1)> F(-1) = 24
(  1)> F(-1) = 24
(  1)> F(-1) = 24
(  1)> F(-1) = 24
(  1)> F(-1) = 24
(  1)> F(-1) = 24
(  1)> F(-1) = 24
(  1)> F(-1) = 24
(  1)> F(-1) = 24
(  1)> F(-1) = 24
(  1)> F(-1) = 24
(  1)> F(-1) = 24
(  1)> F(-1) = 24
(  1)> F(-1) = 24
(  1)> F(-1) = 24
(  1)> F(-1) = 24
(  1)> F(-1) = 24
(  1)> F(-1) = 24
(  1)> F(-1) = 24
(  1)> F(-1) = 24
(  1)> F(-1) = 24
(  1)> F(-1) = 24
(  1)> F(-1) = 24
(  1)> F(-1) = 24
(  1)> F(-1) = 24
(  1)> F(-1) = 24
(  1)> F(-1) = 24
(  1)> F(-1) = 24
(  1)> F(-1) = 24
(  1)> F(-1) = 24
(  1)> F(-1) = 24
(  1)> F(-1) = 24
(  1)> F(-1) = 24
(  1)> F(-1) = 24
(  1)> F(-1) = 24
(  1)> F(-1) = 24
(  1)> F(-1) = 24
(  1)> F(-1) = 24
(  1)> F(-1) = 24
(  1)> F(-1) = 24
(  1)> F(-1) = 24
(  1)> F(-1) = 24
(  1)> F(-1) = 24
(  1)> F(-1) = 24
(  1)> F(-1) = 24
(  1)> F(-1) = 24
(  1)> F(-1) = 24
(  1)> F(-1) = 24
(  1)> F(-1) = 24
(  1)> F(-1) = 24
(  1)> F(-1) = 24
(  1)> F(-1) = 24
(  1)> F(-1) = 24
(  1)> F(-1) = 24
(  1)> F(-1) = 24
(  1)> F(-1) = 24
(  1)> F(-1) = 24
(  1)> F(-1) = 24
(  1)> F(-1) = 24
(  1)> F(-1) = 24
(  1)> F(-1) = 24
(  1)> F(-1) = 24
(  1)> F(-1) = 24
(  1)> F(-1) = 24
(  1)> F(-1) = 24
(  1)> F(-1) = 24
(  1)> F(-1) = 24
(  1)> F(-1) = 24
(  1)> F(-1) = 24
(  1)> F(-1) = 24
(  1)> F(-1) = 24
(  1)> F(-1) = 24
(  1)> F(-1) = 24
(  1)> F(-1) = 24
(  1)> F(-1) = 24
(  1)> F(-1) = 24
(  1)> F(-1) = 24
(  1)> F(-1) = 24
(  1)> F(-1) = 24
(  1)> F(-1) = 24
(  1)> F(-1) = 24
(  1)> F(-1) = 24
(  1)> F(-1) = 24
(  1)> F(-1) = 24
(  1)> F(-1) = 24
(  1)> F(-1) = 24
(  1)> F(-1) = 24
(  1)> F(-1) = 24
(  1)> F(-1) = 24
(  1)> F(-1) = 24
(  1)> F(-1) = 24
(  1)> F(-1) = 24
(  1)> F(-1) = 24
(  1)> F(-1) = 24
(  1)> F(-1) = 24
(  1)> F(-1) = 24
(  1)> F(-1) = 24
(  1)> F(-1) = 24
(  1)> F(-1) = 24
(  1)> F(-1) = 24
(  1)> F(-1) = 24
(  1)> F(-1) = 24
(  1)> F(-1) = 24
(  1)> F(-1) = 24
(  1)> F(-1) = 24
(  1)> F(-1) = 24
(  1)> F(-1) = 24
(  1)> F(-1) = 24
(  1)> F(-1) = 24
(  1)> F(-1) = 24
(  1)> F(-1) = 24
(  1)> F(-1) = 24
(  1)> F(-1) = 24
(  1)> F(-1) = 24
(  1)> F(-1) = 24
(  1)> F(-1) = 24
(  1)> F(-1) = 24
(  1)> F(-1) = 24
(  1)> F(-1) = 24
(  1)> F(-1) = 24
(  1)> F(-1) = 24
(  1)> F(-1) = 24
(  1)> F(-1) = 24
(  1)> F(-1) = 24
(  1)> F(-1) = 24
(  1)> F(-1) = 24
(  1)> F(-1) = 24
(  1)> F(-1) = 24
(  1)> F(-1) = 24
(  1)> F(-1) = 24
(  1)> F(-1) = 24
(  1)> F(-1) = 24
(  1)> F(-1) = 24
(  1)> F(-1) = 24
(  1)> F(-1) = 24
(  1)> F(-1) = 24
(  1)> F(-1) = 24
(  1)> F(-1) = 24
(  1)> F(-1) = 24
(  1)> F(-1) = 24
(  1)> F(-1) = 24
(  1)> F(-1) = 24
(  1)> F(-1) = 24
(  1)> F(-1) = 24
(  1)> F(-1) = 24
(  1)> F(-1) = 24
(  1)> F(-1) = 24
(  1)> F(-1) = 24
(  1)> F(-1) = 24
(  1)> F(-1) = 24
(  1)> F(-1) = 24
(  1)> F(-1) = 24
(  1)> F(-1) = 24
(  1)> F(-1) = 24
(  1)> F(-1) = 24
(  1)> F(-1) = 24
(  1)> F(-1) = 24
(  1)> F(-1) = 24
(  1)> F(-1) = 24
(  1)> F(-1) = 24
(  1)> F(-1) = 24
(  1)> F(-1) = 24
(  1)> F(-1) = 24
(  1)> F(-1) = 24
(  1)> F(-1) = 24
(  1)> F(-1) = 24
(  1)> F(-1) = 24
(  1)> F(-1) = 24
(  1)> F(-1) = 24
(  1)> F(-1) = 24
(  1)> F(-1) = 24
(  1)> F(-1) = 24
(  1)> F(-1) = 24
(  1)> F(-1) = 24
(  1)> F(-1) = 24
(  1)> F(-1) = 24
(  1)> F(-1) = 24
(  1)> F(-1) = 24
(  1)> F(-1) = 24
(  1)> F(-1) = 24
(  1)> F(-1) = 24
(  1)> F(-1) = 24
(  1)> F(-1) = 24
(  1)> F(-1) = 24
(  1)> F(-1) = 24
(  1)> F(-1) = 24
(  1)> F(-1) = 24
(  1)> F(-1) = 24
(  1)> F(-1) = 24
(  1)> F(-1) = 24
(  1)> F(-1) = 24
(  1)> F(-1) = 24
(  1)> F(-1) = 24
(  1)> F(-1) = 24
(  1)> F(-1) = 24
(  1)> F(-1) = 24
(  1)> F(-1) = 24
(  1)> F(-1) = 24
(  1)> F(-1) = 24
(  1)> F(-1) = 24
(  1)> F(-1) = 24
(  1)> F(-1) = 24
(  1)> F(-1) = 24
(  1)> F(-1) = 24
(  1)> F(-1) = 24
(  1)> F(-1) = 24
(  1)> F(-1) = 24
(  1)> F(-1) = 24
(  1)> F(-1) = 24
(  1)> F(-1) = 24
(  1)> F(-1) = 24
(  1)> F(-1) = 24
(  1)> F(-1) = 24
(  1)> F(-1) = 24
(  1)> F(-1) = 24
(  1)> F(-1) = 24
(  1)> F(-1) = 24
(  1)> F(-1) = 24
(  1)> F(-1) = 24
(  1)> F(-1) = 24
(  1)> F(-1) = 24
(  1)> F(-1) = 24
(  1)> F(-1) = 24
(  1)> F(-1) = 24
(  1)> F(-1) = 24
(  1)> F(-1) = 24
(  1)> F(-1) = 24
(  1)> F(-1) = 24
(  1)> F(-1) = 24
(  1)> F(-1) = 24
(  1)> F(-1) = 24
(  1)> F(-1) = 24
(  1)> F(-1) = 24
(  1)> F(-1) = 24
(  1)> F(-1) = 24
(  1)> F(-1) = 24
(  1)> F(-1) = 24
(  1)> F(-1) = 24
(  1)> F(-1) = 24
(  1)> F(-1) = 24
(  1)> F(-1) = 24
(  1)> F(-1) = 24
(  1)> F(-1) = 24
(  1)> F(-1) = 24
(  1)> F(-1) = 24
(  1)> F(-1) = 24
(  1)> F(-1) = 24
(  1)> F(-1) = 24
(  1)> F(-1) = 24
(  1)> F(-1) = 24
(  1)> F(-1) = 24
(  1)> F(-1) = 24
(  1)> F(-1) = 24
(  1)> F(-1) = 24
(  1)> F(-1) = 24
(  1)> F(-1) = 24
(  1)> F(-1) = 24
(  1)> F(-1) = 24
(  1)> F(-1) = 24
(  1)> F(-1) = 24
(  1)> F(-1) = 24
(  1)> F(-1) = 24
(  1)> F(-1) = 24
(  1)> F(-1) = 24
(  1)> F(-1) = 24
(  1)> F(-1) = 24
(  1)> F(-1) = 24
(  1)> F(-1) = 24
(  1)> F(-1) = 24
(  1)> F(-1) = 24
(  1)> F(-1) = 24
(  1)> F(-1) = 24
(  1)> F(-1) = 24
(  1)> F(-1) = 24
(  1)> F(-1) = 24
(  1)> F(-1) = 24
(  1)> F(-1) = 24
(  1)> F(-1) = 24
(  1)> F(-1) = 24
(  1)> F(-1) = 24
(  1)> F(-1) = 24
(  1)> F(-1) = 24
(  1)> F(-1) = 24
(  1)> F(-1) = 24
(  1)> F(-1) = 24
(  1)> F(-1) = 24
(  1)> F(-1) = 24
(  1)> F(-1) = 24
(  1)> F(-1) = 24
(  1)> F(-1) = 24
(  1)> F(-1) = 24
(  1)> F(-1) = 24
(  1)> F(-1) = 24
(  1)> F(-1) = 24
(  1)> F(-1) = 24
(  1)> F(-1) = 24
(  1)> F(-1) = 24
(  1)> F(-1) = 24
(  1)> F(-1) = 24
(  1)> F(-1) = 24
(  1)> F(-1) = 24
(  1)> F(-1) = 24
(  1)> F(-1) = 24
(  1)> F(-1) = 24
(  1)> F(-1) = 24
(  1)> F(-1) = 24
(  1)> F(-1) = 24
(  1)> F(-1) = 24
(  1)> F(-1) = 24
(  1)> F(-1) = 24
(  1)> F(-1) = 24
(  1)> F(-1) = 24
(  1)> F(-1) = 24
(  1)> F(-1) = 24
(  1)> F(-1) = 24
(  1)> F(-1) = 24
(  1)> F(-1) = 24
(  1)> F(-1) = 24
(  1)> F(-1) = 24
(  1)> F(-1) = 24
(  1)> F(-1) = 24
(  1)> F(-1) = 24
(  1)> F(-1) = 24
(  1)> F(-1) = 24
(  1)> F(-1) = 24
(  1)> F(-1) = 24
(  1)> F(-1) = 24
(  1)> F(-1) = 24
(  1)> F(-1) = 24
(  1)> F(-1) = 24
(  1)> F(-1) = 24
(  1)> F(-1) = 24
(  1)> F(-1) = 24
(  1)> F(-1) = 24
(  1)> F(-1) = 24
(  1)> F(-1) = 24
(  1)> F(-1) = 24
(  1)> F(-1) = 24
(  1)> F(-1) = 24
(  1)> F(-1) = 24
(  1)> F(-1) = 24
(  1)> F(-1) = 24
(  1)> F(-1) = 24
(  1)> F(-1) = 24
(  1)> F(-1) = 24
(  1)> F(-1) = 24
(  1)> F(-1) = 24
(  1)> F(-1) = 24
(  1)> F(-1) = 24
(  1)> F(-1) = 24
(  1)> F(-1) = 24
(  1)> F(-1) = 24
(  1)> F(-1) = 24
(  1)> F(-1) = 24
(  1)> F(-1) = 24
(  1)> F(-1) = 24
(  1)> F(-1) = 24
(  1)> F(-1) = 24
(  1)> F(-1) = 24
(  1)> F(-1) = 24
(  1)> F(-1) = 24
(  1)> F(-1) = 24
(  1)> F(-1) = 24
(  1)> F(-1) = 24
(  1)> F(-1) = 24
(  1)> F(-1) = 24
(  1)> F(-1) = 24
(  1)> F(-1) = 24
(  1)> F(-1) = 24
(  1)> F(-1) = 24
(  1)> F(-1) = 24
(  1)> F(-1) = 24
(  1)> F(-1) = 24
(  1)> F(-1) = 24
(  1)> F(-1) = 24
(  1)> F(-1) = 24
(  1)> F(-1) = 24
(  1)> F(-1) = 24
(  1)> F(-1) = 24
(  1)> F(-1) = 24
(  1)> F(-1) = 24
(  1)> F(-1) = 24
(  1)> F(-1) = 24
(  1)> F(-1) = 24
(  1)> F(-1) = 24
(  1)> F(-1) = 24
(  1)> F(-1) = 24
(  1)> F(-1) = 24
(  1)> F(-1) = 24
(  1)> F(-1) = 24
(  1)> F(-1) = 24
(  1)> F(-1) = 24
(  1)> F(-1) = 24
(  1)> F(-1) = 24
(  1)> F(-1) = 24
(  1)> F(-1) = 24
(  1)> F(-1) = 24
(  1)> F(-1) = 24
(  1)> F(-1) = 24
(  1)> F(-1) = 24
(  1)> F(-1) = 24
(  1)> F(-1) = 24
(  1)> F(-1) = 24
(  1)> F(-1) = 24
(  1)> F(-1) = 24
(  1)> F(-1) = 24
(  1)> F(-1) = 24
(  1)> F(-1) = 24
(  1)> F(-1) = 24
(  1)> F(-1) = 24
(  1)> F(-1) = 24
(  1)> F(-1) = 24
(  1)> F(-1) = 24
(  1)> F(-1) = 24
(  1)> F(-1) = 24
(  1)> F(-1) = 24
(  1)> F(-1) = 24
(  1)> F(-1) = 24
(  1)> F(-1) = 24
(  1)> F(-1) = 24
(  1)> F(-1) = 24
(  1)> F(-1) = 24
(  1)> F(-1) = 24
(  1)> F(-1) = 24
(  1)> F(-1) = 24
(  1)> F(-1) = 24
(  1)> F(-1) = 24
(  1)> F(-1) = 24
(  1)> F(-1) = 24
(  1)> F(-1) = 24
(  1)> F(-1) = 24
(  1)> F(-1) = 24
(  1)> F(-1) = 24
(  1)> F(-1) = 24
(  1)> F(-1) = 24
(  1)> F(-1) = 24
(  1)> F(-1) = 24
(  1)> F(-1) = 24
(  1)> F(-1) = 24
(  1)> F(-1) = 24
(  1)> F(-1) = 24
(  1)> F(-1) = 24
(  1)> F(-1) = 24
(  1)> F(-1) = 24
(  1)> F(-1) = 24
(  1)> F(-1) = 24
(  1)> F(-1) = 24
(  1)> F(-1) = 24
(  1)> F(-1) = 24
(  1)> F(-1) = 24
(  1)> F(-1) = 24
(  1)> F(-1) = 24
(  1)> F(-1) = 24
(  1)> F(-1) = 24
(  1)> F(-1) = 24
(  1)> F(-1) = 24
(  1)> F(-1) = 24
(  1)> F(-1) = 24
(  1)> F(-1) = 24
(  1)> F(-1) = 24
(  1)> F(-1) = 24
(  1)> F(-1) = 24
(  1)> F(-1) = 24
(  1)> F(-1) = 24
(  1)> F(-1) = 24
(  1)> F(-1) = 24
(  1)> F(-1) = 24
(  1)> F(-1) = 24
(  1)> F(-1) = 24
(  1)> F(-1) = 24
(  1)> F(-1) = 24
(  1)> F(-1) = 24
(  1)> F(-1) = 24
(  1)> F(-1) = 24
(  1)> F(-1) = 24
(  1)> F(-1) = 24
(  1)> F(-1) = 24
(  1)> F(-1) = 24
(  1)> F(-1) = 24
(  1)> F(-1) = 24
(  1)> F(-1) = 24
(  1)> F(-1) = 24
(  1)> F(-1) = 24
(  1)> F(-1) = 24
(  1)> F(-1) = 24
(  1)> F(-1) = 24
(  1)> F(-1) = 24
(  1)> F(-1) = 24
(  1)> F(-1) = 24
(  1)> F(-1) = 24
(  1)> F(-1) = 24
(  1)> F(-1) = 24
(  1)> F(-1) = 24
(  1)> F(-1) = 24
(  1)> F(-1) = 24
(  1)> F(-1) = 24
(  1)> F(-1) = 24
(  1)> F(-1) = 24
(  1)> F(-1) = 24
(  1)> F(-1) = 24
(  1)> F(-1) = 24
(  1)> F(-1) = 24
(  1)> F(-1) = 24
(  1)> F(-1) = 24
(  1)> F(-1) = 24
(  1)> F(-1) = 24
(  1)> F(-1) = 24
(  1)> F(-1) = 24
(  1)> F(-1) = 24
(  1)> F(-1) = 24
(  1)> F(-1) = 24
(  1)> F(-1) = 24
(  1)> F(-1) = 24
(  1)> F(-1) = 24
(  1)> F(-1) = 24
(  1)> F(-1) = 24
(  1)> F(-1) = 24
(  1)> F(-1) = 24
(  1)> F(-1) = 24
(  1)> F(-1) = 24
(  1)> F(-1) = 24
(  1)> F(-1) = 24
(  1)> F(-1) = 24
(  1)> F(-1) = 24
(  1)> F(-1) = 24
(  1)> F(-1) = 24
(  1)> F(-1) = 24
(  1)> F(-1) = 24
(  1)> F(-1) = 24
(  1)> F(-1) = 24
(  1)> F(-1) = 24
(  1)> F(-1) = 24
(  1)> F(-1) = 24
(  1)> F(-1) = 24
(  1)> F(-1) = 24
(  1)> F(-1) = 24
(  1)> F(-1) = 24
(  1)> F(-1) = 24
(  1)> F(-1) = 24
(  1)> F(-1) = 24
(  1)> F(-1) = 24
(  1)> F(-1) = 24
(  1)> F(-1) = 24
(  1)> F(-1) = 24
(  1)> F(-1) = 24
(  1)> F(-1) = 24
(  1)> F(-1) = 24
(  1)> F(-1) = 24
(  1)> F(-1) = 24
(  1)> F(-1) = 24
(  1)> F(-1) = 24
(  1)> F(-1) = 24
(  1)> F(-1) = 24
(  1)> F(-1) = 24
(  1)> F(-1) = 24
(  1)> F(-1) = 24
(  1)> F(-1) = 24
(  1)> F(-1) = 24
(  1)> F(-1) = 24
(  1)> F(-1) = 24
(  1)> F(-1) = 24
(  1)> F(-1) = 24
(  1)> F(-1) = 24
(  1)> F(-1) = 24
(  1)> F(-1) = 24
(  1)> F(-1) = 24
(  1)> F(-1) = 24
(  1)> F(-1) = 24
(  1)> F(-1) = 24
(  1)> F(-1) = 24
(  1)> F(-1) = 24
(  1)> F(-1) = 24
(  1)> F(-1) = 24
(  1)> F(-1) = 24
(  1)> F(-1) = 24
(  1)> F(-1) = 24
(  1)> F(-1) = 24
(  1)> F(-1) = 24
(  1)> F(-1) = 24
(  1)> F(-1) = 24
(  1)> F(-1) = 24
(  1)> F(-1) = 24
(  1)> F(-1) = 24
(  1)> F(-1) = 24
(  1)> F(-1) = 24
(  1)> F(-1) = 24
(  1)> F(-1) = 24
(  1)> F(-1) = 24
(  1)> F(-1) = 24
(  1)> F(-1) = 24
(  1)> F(-1) = 24
(  1)> F(-1) = 24
(  1)> F(-1) = 24
(  1)> F(-1) = 24
(  1)> F(-1) = 24
(  1)> F(-1) = 24
(  1)> F(-1) = 24
(  1)> F(-1) = 24
(  1)> F(-1) = 24
(  1)> F(-1) = 24
(  1)> F(-1) = 24
(  1)> F(-1) = 24
(  1)> F(-1) = 24
(  1)> F(-1) = 24
(  1)> F(-1) = 24
(  1)> F(-1) = 24
(  1)> F(-1) = 24
(  1)> F(-1) = 24
(  1)> F(-1) = 24
(  1)> F(-1) = 24
(  1)> F(-1) = 24
(  1)> F(-1) = 24
(  1)> F(-1) = 24
(  1)> F(-1) = 24
(  1)> F(-1) = 24
(  1)> F(-1) = 24
(  1)> F(-1) = 24
(  1)> F(-1) = 24
(  1)> F(-1) = 24
(  1)> F(-1) = 24
(  1)> F(-1) = 24
(  1)> F(-1) = 24
(  1)> F(-1) = 24
(  1)> F(-1) = 24
(  1)> F(-1) = 24
(  1)> F(-1) = 24
(  1)> F(-1) = 24
(  1)> F(-1) = 24
(  1)> F(-1) = 24
(  1)> F(-1) = 24
(  1)> F(-1) = 24
(  1)> F(-1) = 24
(  1)> F(-1) = 24
(  1)> F(-1) = 24
(  1)> F(-1) = 24
(  1)> F(-1) = 24
(  1)> F(-1) = 24
(  1)> F(-1) = 24
(  1)> F(-1) = 24
(  1)> F(-1) = 24
(  1)> F(-1) = 24
(  1)> F(-1) = 24
(  1)> F(-1) = 24
(  1)> F(-1) = 24
(  1)> F(-1) = 24
(  1)> F(-1) = 24
(  1)> F(-1) = 24
(  1)> F(-1) = 24
(  1)> F(-1) = 24
(  1)> F(-1) = 24
(  1)> F(-1) = 24
(  1)> F(-1) = 24
(  1)> F(-1) = 24
(  1)> F(-1) = 24
(  1)> F(-1) = 24
(  1)> F(-1) = 24
(  1)> F(-1) = 24
(  1)> F(-1) = 24
(  1)> F(-1) = 24
(  1)> F(-1) = 24
(  1)> F(-1) = 24
(  1)> F(-1) = 24
(  1)> F(-1) = 24
(  1)> F(-1) = 24
(  1)> F(-1) = 24
(  1)> F(-1) = 24
(  1)> F(-1) = 24
(  1)> F(-1) = 24
(  1)> F(-1) = 24
(  1)> F(-1) = 24
(  1)> F(-1) = 24
(  1)> F(-1) = 24
(  1)> F(-1) = 24
(  1)> F(-1) = 24
(  1)> F(-1) = 24
(  1)> F(-1) = 24
(  1)> F(-1) = 24
(  1)> F(-1) = 24
(  1)> F(-1) = 24
(  1)> F(-1) = 24
(  1)> F(-1) = 24
(  1)> F(-1) = 24
(  1)> F(-1) = 24
(  1)> F(-1) = 24
(  1)> F(-1) = 24
(  1)> F(-1) = 24
(  1)> F(-1) = 24
(  1)> F(-1) = 24
(  1)> F(-1) = 24
(  1)> F(-1) = 24
(  1)> F(-1) = 24
(  1)> F(-1) = 24
(  1)> F(-1) = 24
(  1)> F(-1) = 24
(  1)> F(-1) = 24
(  1)> F(-1) = 24
(  1)> F(-1) = 24
(  1)> F(-1) = 24
(  1)> F(-1) = 24
(  1)> F(-1) = 24
(  1)> F(-1) = 24
(  1)> F(-1) = 24
(  1)> F(-1) = 24
(  1)> F(-1) = 24
(  1)> F(-1) = 24
(  1)> F(-1) = 24
(  1)> F(-1) = 24
(  1)> F(-1) = 24
(  1)> F(-1) = 24
(  1)> F(-1) = 24
(  1)> F(-1) = 24
(  1)> F(-1) = 24
(  1)> F(-1) = 24
(  1)> F(-1) = 24
(  1)> F(-1) = 24
(  1)> F(-1) = 24
(  1)> F(-1) = 24
(  1)> F(-1) = 24
(  1)> F(-1) = 24
(  1)> F(-1) = 24
(  1)> F(-1) = 24
(  1)> F(-1) = 24
(  1)> F(-1) = 24
(  1)> F(-1) = 24
(  1)> F(-1) = 24
(  1)> F(-1) = 24
(  1)> F(-1) = 24
(  1)> F(-1) = 24
(  1)> F(-1) = 24
(  1)> F(-1) = 24
(  1)> F(-1) = 24
(  1)> F(-1) = 24
(  1)> F(-1) = 24
(  1)> F(-1) = 24
(  1)> F(-1) = 24
(  1)> F(-1) = 24
(  1)> F(-1) = 24
(  1)> F(-1) = 24
(  1)> F(-1) = 24
(  1)> F(-1) = 24
(  1)> F(-1) = 24
(  1)> F(-1) = 24
(  1)> F(-1) = 24
(  1)> F(-1) = 24
(  1)> F(-1) = 24
(  1)> F(-1) = 24
(  1)> F(-1) = 24
(  1)> F(-1) = 24
(  1)> F(-1) = 24
(  1)> F(-1) = 24
(  1)> F(-1) = 24
(  1)> F(-1) = 24
(  1)> F(-1) = 24
(  1)> F(-1) = 24
(  1)> F(-1) = 24
(  1)> F(-1) = 24
(  1)> F(-1) = 24
(  1)> F(-1) = 24
(  1)> F(-1) = 24
(  1)> F(-1) = 24
(  1)> F(-1) = 24
(  1)> F(-1) = 24
(  1)> F(-1) = 24
(  1)> F(-1) = 24
(  1)> F(-1) = 24
(  1)> F(-1) = 24
(  1)> F(-1) = 24
(  1)> F(-1) = 24
(  1)> F(-1) = 24
(  1)> F(-1) = 24
(  1)> F(-1) = 24
(  1)> F(-1) = 24
(  1)> F(-1) = 24
(  1)> F(-1) = 24
(  1)> F(-1) = 24
(  1)> F(-1) = 24
(  1)> F(-1) = 24
(  1)> F(-1) = 24
(  1)> F(-1) = 24
(  1)> F(-1) = 24
(  1)> F(-1) = 24
(  1)> F(-1) = 24
(  1)> F(-1) = 24
(  1)> F(-1) = 24
(  1)> F(-1) = 24
(  1)> F(-1) = 24
(  1)> F(-1) = 24
(  1)> F(-1) = 24
(  1)> F(-1) = 24
(  1)> F(-1) = 24
(  1)> F(-1) = 24
(  1)> F(-1) = 24
(  1)> F(-1) = 24
(  1)> F(-1) = 24
(  1)> F(-1) = 24
(  1)> F(-1) = 24
(  1)> F(-1) = 24
(  1)> F(-1) = 24
(  1)> F(-1) = 24
(  1)> F(-1) = 24
(  1)> F(-1) = 24
(  1)> F(-1) = 24
(  1)> F(-1) = 24
(  1)> F(-1) = 24
(  1)> F(-1) = 24
(  1)> F(-1) = 24
(  1)> F(-1) = 24
(  1)> F(-1) = 24
(  1)> F(-1) = 24
(  1)> F(-1) = 24
(  1)> F(-1) = 24
(  1)> F(-1) = 24
(  1)> F(-1) = 24
(  1)> F(-1) = 24
(  1)> F(-1) = 24
(  1)> F(-1) = 24
(  1)> F(-1) = 24
(  1)> F(-1) = 24
(  1)> F(-1) = 24
(  1)> F(-1) = 24
(  1)> F(-1) = 24
(  1)> F(-1) = 24
(  1)> F(-1) = 24
(  1)> F(-1) = 24
(  1)> F(-1) = 24
(  1)> F(-1) = 24
(  1)> F(-1) = 24
(  1)> F(-1) = 24
(  1)> F(-1) = 24
(  1)> F(-1) = 24
(  1)> F(-1) = 24
(  1)> F(-1) = 24
(  1)> F(-1) = 24
(  1)> F(-1) = 24
(  1)> F(-1) = 24
(  1)> F(-1) = 24
(  1)> F(-1) = 24
(  1)> F(-1) = 24
(  1)> F(-1) = 24
(  1)> F(-1) = 24
(  1)> F(-1) = 24
(  1)> F(-1) = 24
(  1)> F(-1) = 24
(  1)> F(-1) = 24
(  1)> F(-1) = 24
(  1)> F(-1) = 24
(  1)> F(-1) = 24
(  1)> F(-1) = 24
(  1)> F(-1) = 24
(  1)> F(-1) = 24
(  1)> F(-1) = 24
(  1)> F(-1) = 24
(  1)> F(-1) = 24
(  1)> F(-1) = 24
(  1)> F(-1) = 24
(  1)> F(-1) = 24
(  1)> F(-1) = 24
(  1)> F(-1) = 24
(  1)> F(-1) = 24
(  1)> F(-1) = 24
(  1)> F(-1) = 24
(  1)> F(-1) = 24
(  1)> F(-1) = 24
(  1)> F(-1) = 24
(  1)> F(-1) = 24
(  1)> F(-1) = 24
(  1)> F(-1) = 24
(  1)> F(-1) = 24
(  1)> F(-1) = 24
(  1)> F(-1) = 24
(  1)> F(-1) = 24
(  1)> F(-1) = 24
(  1)> F(-1) = 24
(  1)> F(-1) = 24
(  1)> F(-1) = 24
(  1)> F(-1) = 24
(  1)> F(-1) = 24
(  1)> F(-1) = 24
(  1)> F(-1) = 24
(  1)> F(-1) = 24
(  1)> F(-1) = 24
(  1)> F(-1) = 24
(  1)> F(-1) = 24
(  1)> F(-1) = 24
(  1)> F(-1) = 24
(  1)> F(-1) = 24
(  1)> F(-1) = 24
(  1)> F(-1) = 24
(  1)> F(-1) = 24
(  1)> F(-1) = 24
(  1)> F(-1) = 24
(  1)> F(-1) = 24
(  1)> F(-1) = 24
(  1)> F(-1) = 24
(  1)> F(-1) = 24
(  1)> F(-1) = 24
(  1)> F(-1) = 24
(  1)> F(-1) = 24
(  1)> F(-1) = 24
(  1)> F(-1) = 24
(  1)> F(-1) = 24
(  1)> F(-1) = 24
(  1)> F(-1) = 24
(  1)> F(-1) = 24
(  1)> F(-1) = 24
(  1)> F(-1) = 24
(  1)> F(-1) = 24
(  1)> F(-1) = 24
(  1)> F(-1) = 24
(  1)> F(-1) = 24
(  1)> F(-1) = 24
(  1)> F(-1) = 24
(  1)> F(-1) = 24
(  1)> F(-1) = 24
(  1)> F(-1) = 24
(  1)> F(-1) = 24
(  1)> F(-1) = 24
(  1)> F(-1) = 24
(  1)> F(-1) = 24
(  1)> F(-1) = 24
(  1)> F(-1) = 24
(  1)> F(-1) = 24
(  1)> F(-1) = 24
(  1)> F(-1) = 24
(  1)> F(-1) = 24
(  1)> F(-1) = 24
(  1)> F(-1) = 24
(  1)> F(-1) = 24
(  1)> F(-1) = 24
(  1)> F(-1) = 24
(  1)> F(-1) = 24
(  1)> F(-1) = 24
(  1)> F(-1) = 24
(  1)> F(-1) = 24
(  1)> F(-1) = 24
(  1)> F(-1) = 24
(  1)> F(-1) = 24
(  1)> F(-1) = 24
(  1)> F(-1) = 24
(  1)> F(-1) = 24
(  1)> F(-1) = 24
(  1)> F(-1) = 24
(  1)> F(-1) = 24
(  1)> F(-1) = 24
(  1)> F(-1) = 24
(  1)> F(-1) = 24
(  1)> F(-1) = 24
(  1)> F(-1) = 24
(  1)> F(-1) = 24
(  1)> F(-1) = 24
(  1)> F(-1) = 24
(  1)> F(-1) = 24
(  1)> F(-1) = 24
(  1)> F(-1) = 24
(  1)> F(-1) = 24
(  1)> F(-1) = 24
(  1)> F(-1) = 24
(  1)> F(-1) = 24
(  1)> F(-1) = 24
(  1)> F(-1) = 24
(  1)> F(-1) = 24
(  1)> F(-1) = 24
(  1)> F(-1) = 24
(  1)> F(-1) = 24
(  1)> F(-1) = 24
(  1)> F(-1) = 24
(  1)> F(-1) = 24
(  1)> F(-1) = 24
(  1)> F(-1) = 24
(  1)> F(-1) = 24
(  1)> F(-1) = 24
(  1)> F(-1) = 24
(  1)> F(-1) = 24
(  1)> F(-1) = 24
(  1)> F(-1) = 24
(  1)> F(-1) = 24
(  1)> F(-1) = 24
(  1)> F(-1) = 24
(  1)> F(-1) = 24
(  1)> F(-1) = 24
(  1)> F(-1) = 24
(  1)> F(-1) = 24
(  1)> F(-1) = 24
(  1)> F(-1) = 24
(  1)> F(-1) = 24
(  1)> F(-1) = 24
(  1)> F(-1) = 24
(  1)> F(-1) = 24
(  1)> F(-1) = 24
(  1)> F(-1) = 24
(  1)> F(-1) = 24
(  1)> F(-1) = 24
(  1)> F(-1) = 24
(  1)> F(-1) = 24
(  1)> F(-1) = 24
(  1)> F(-1) = 24
(  1)> F(-1) = 24
(  1)> F(-1) = 24
(  1)> F(-1) = 24
(  1)> F(-1) = 24
(  1)> F(-1) = 24
(  1)> F(-1) = 24
(  1)> F(-1) = 24
(  1)> F(-1) = 24
(  1)> F(-1) = 24
(  1)> F(-1) = 24
(  1)> F(-1) = 24
(  1)> F(-1) = 24
(  1)> F(-1) = 24
(  1)> F(-1) = 24
(  1)> F(-1) = 24
(  1)> F(-1) = 24
(  1)> F(-1) = 24
(  1)> F(-1) = 24
(  1)> F(-1) = 24
(  1)> F(-1) = 24
(  1)> F(-1) = 24
(  1)> F(-1) = 24
(  1)> F(-1) = 24
(  1)> F(-1) = 24
(  1)> F(-1) = 24
(  1)> F(-1) = 24
(  1)> F(-1) = 24
(  1)> F(-1) = 24
(  1)> F(-1) = 24
(  1)> F(-1) = 24
(  1)> F(-1) = 24
(  1)> F(-1) = 24
(  1)> F(-1) = 24
(  1)> F(-1) = 24
(  1)> F(-1) = 24
(  1)> F(-1) = 24
(  1)> F(-1) = 24
(  1)> F(-1) = 24
(  1)> F(-1) = 24
(  1)> F(-1) = 24
(  1)> F(-1) = 24
(  1)> F(-1) = 24
(  1)> F(-1) = 24
(  1)> F(-1) = 24
(  1)> F(-1) = 24
(  1)> F(-1) = 24
(  1)> F(-1) = 24
(  1)> F(-1) = 24
(  1)> F(-1) = 24
(  1)> F(-1) = 24
(  1)> F(-1) = 24
(  1)> F(-1) = 24
(  1)> F(-1) = 24
(  1)> F(-1) = 24
(  1)> F(-1) = 24
(  1)> F(-1) = 24
(  1)> F(-1) = 24
(  1)> F(-1) = 24
(  1)> F(-1) = 24
(  1)> F(-1) = 24
(  1)> F(-1) = 24
(  1)> F(-1) = 24
(  1)> F(-1) = 24
(  1)> F(-1) = 24
(  1)> F(-1) = 24
(  1)> F(-1) = 24
(  1)> F(-1) = 24
(  1)> F(-1) = 24
(  1)> F(-1) = 24
(  1)> F(-1) = 24
(  1)> F(-1) = 24
(  1)> F(-1) = 24
(  1)> F(-1) = 24
(  1)> F(-1) = 24
(  1)> F(-1) = 24
(  1)> F(-1) = 24
(  1)> F(-1) = 24
(  1)> F(-1) = 24
(  1)> F(-1) = 24
(  1)> F(-1) = 24
(  1)> F(-1) = 24
(  1)> F(-1) = 24
(  1)> F(-1) = 24
(  1)> F(-1) = 24
(  1)> F(-1) = 24
(  1)> F(-1) = 24
(  1)> F(-1) = 24
(  1)> F(-1) = 24
(  1)> F(-1) = 24
(  1)> F(-1) = 24
(  1)> F(-1) = 24
(  1)> F(-1) = 24
(  1)> F(-1) = 24
(  1)> F(-1) = 24
(  1)> F(-1) = 24
(  1)> F(-1) = 24
(  1)> F(-1) = 24
(  1)> F(-1) = 24
(  1)> F(-1) = 24
(  1)> F(-1) = 24
(  1)> F(-1) = 24
(  1)> F(-1) = 24
(  1)> F(-1) = 24
(  1)> F(-1) = 24
(  1)> F(-1) = 24
(  1)> F(-1) = 24
(  1)> F(-1) = 24
(  1)> F(-1) = 24
(  1)> F(-1) = 24
(  1)> F(-1) = 24
(  1)> F(-1) = 24
(  1)> F(-1) = 24
(  1)> F(-1) = 24
(  1)> F(-1) = 24
(  1)> F(-1) = 24
(  1)> F(-1) = 24
(  1)> F(-1) = 24
(  1)> F(-1) = 24
(  1)> F(-1) = 24
(  1)> F(-1) = 24
(  1)> F(-1) = 24
(  1)> F(-1) = 24
(  1)> F(-1) = 24
(  1)> F(-1) = 24
(  1)> F(-1) = 24
(  1)> F(-1) = 24
(  1)> F(-1) = 24
(  1)> F(-1) = 24
(  1)> F(-1) = 24
(  1)> F(-1) = 24
(  1)> F(-1) = 24
(  1)> F(-1) = 24
(  1)> F(-1) = 24
(  1)> F(-1) = 24
(  1)> F(-1) = 24
(  1)> F(-1) = 24
(  1)> F(-1) = 24
(  1)> F(-1) = 24
(  1)> F(-1) = 24
(  1)> F(-1) = 24
(  1)> F(-1) = 24
(  1)> F(-1) = 24
(  1)> F(-1) = 24
(  1)> F(-1) = 24
(  1)> F(-1) = 24
(  1)> F(-1) = 24
(  1)> F(-1) = 24
(  1)> F(-1) = 24
(  1)> F(-1) = 24
(  1)> F(-1) = 24
(  1)> F(-1) = 24
(  1)> F(-1) = 24
(  1)> F(-1) = 24
(  1)> F(-1) = 24
(  1)> F(-1) = 24
(  1)> F(-1) = 24
(  1)> F(-1) = 24
(  1)> F(-1) = 24
(  1)> F(-1) = 24
(  1)> F(-1) = 24
(  1)> F(-1) = 24
(  1)> F(-1) = 24
(  1)> F(-1) = 24
(  1)> F(-1) = 24
(  1)> F(-1) = 24
(  1)> F(-1) = 24
(  1)> F(-1) = 24
(  1)> F(-1) = 24
(  1)> F(-1) = 24
(  1)> F(-1) = 24
(  1)> F(-1) = 24
(  1)> F(-1) = 24
(  1)> F(-1) = 24
(  1)> F(-1) = 24
(  1)> F(-1) = 24
(  1)> F(-1) = 24
(  1)> F(-1) = 24
(  1)> F(-1) = 24
(  1)> F(-1) = 24
(  1)> F(-1) = 24
(  1)> F(-1) = 24
(  1)> F(-1) = 24
(  1)> F(-1) = 24
(  1)> F(-1) = 24
(  1)> F(-1) = 24
(  1)> F(-1) = 24
(  1)> F(-1) = 24
(  1)> F(-1) = 24
(  1)> F(-1) = 24
(  1)> F(-1) = 24
(  1)> F(-1) = 24
(  1)> F(-1) = 24
(  1)> F(-1) = 24
(  1)> F(-1) = 24
(  1)> F(-1) = 24
(  1)> F(-1) = 24
(  1)> F(-1) = 24
(  1)> F(-1) = 24
(  1)> F(-1) = 24
(  1)> F(-1) = 24
(  1)> F(-1) = 24
(  1)> F(-1) = 24
(  1)> F(-1) = 24
(  1)> F(-1) = 24
(  1)> F(-1) = 24
(  1)> F(-1) = 24
(  1)> F(-1) = 24
(  1)> F(-1) = 24
(  1)> F(-1) = 24
(  1)> F(-1) = 24
(  1)> F(-1) = 24
(  1)> F(-1) = 24
(  1)> F(-1) = 24
(  1)> F(-1) = 24
(  1)> F(-1) = 24
(  1)> F(-1) = 24
(  1)> F(-1) = 24
(  1)> F(-1) = 24
(  1)> F(-1) = 24
(  1)> F(-1) = 24
(  1)> F(-1) = 24
(  1)> F(-1) = 24
(  1)> F(-1) = 24
(  1)> F(-1) = 24
(  1)> F(-1) = 24
(  1)> F(-1) = 24
(  1)> F(-1) = 24
(  1)> F(-1) = 24
(  1)> F(-1) = 24
(  1)> F(-1) = 24
(  1)> F(-1) = 24
(  1)> F(-1) = 24
(  1)> F(-1) = 24
(  1)> F(-1) = 24
(  1)> F(-1) = 24
(  1)> F(-1) = 24
(  1)> F(-1) = 24
(  1)> F(-1) = 24
(  1)> F(-1) = 24
(  1)> F(-1) = 24
(  1)> F(-1) = 24
(  1)> F(-1) = 24
(  1)> F(-1) = 24
(  1)> F(-1) = 24
(  1)> F(-1) = 24
(  1)> F(-1) = 24
(  1)> F(-1) = 24
(  1)> F(-1) = 24
(  1)> F(-1) = 24
(  1)> F(-1) = 24
(  1)> F(-1) = 24
(  1)> F(-1) = 24
(  1)> F(-1) = 24
(  1)> F(-1) = 24
(  1)> F(-1) = 24
(  1)> F(-1) = 24
(  1)> F(-1) = 24
(  1)> F(-1) = 24
(  1)> F(-1) = 24
(  1)> F(-1) = 24
(  1)> F(-1) = 24
(  1)> F(-1) = 24
(  1)> F(-1) = 24
(  1)> F(-1) = 24
(  1)> F(-1) = 24
(  1)> F(-1) = 24
(  1)> F(-1) = 24
(  1)> F(-1) = 24
(  1)> F(-1) = 24
(  1)> F(-1) = 24
(  1)> F(-1) = 24
(  1)> F(-1) = 24
(  1)> F(-1) = 24
(  1)> F(-1) = 24
(  1)> F(-1) = 24
(  1)> F(-1) = 24
(  1)> F(-1) = 24
(  1)> F(-1) = 24
(  1)> F(-1) = 24
(  1)> F(-1) = 24
(  1)> F(-1) = 24
(  1)> F(-1) = 24
(  1)> F(-1) = 24
(  1)> F(-1) = 24
(  1)> F(-1) = 24
(  1)> F(-1) = 24
(  1)> F(-1) = 24
(  1)> F(-1) = 24
(  1)> F(-1) = 24
(  1)> F(-1) = 24
(  1)> F(-1) = 24
(  1)> F(-1) = 24
(  1)> F(-1) = 24
(  1)> F(-1) = 24
(  1)> F(-1) = 24
(  1)> F(-1) = 24
(  1)> F(-1) = 24
(  1)> F(-1) = 24
(  1)> F(-1) = 24
(  1)> F(-1) = 24
(  1)> F(-1) = 24
(  1)> F(-1) = 24
(  1)> F(-1) = 24
(  1)> F(-1) = 24
(  1)> F(-1) = 24
(  1)> F(-1) = 24
(  1)> F(-1) = 24
(  1)> F(-1) = 24
(  1)> F(-1) = 24
(  1)> F(-1) = 24
(  1)> F(-1) = 24
(  1)> F(-1) = 24
(  1)> F(-1) = 24
(  1)> F(-1) = 24
(  1)> F(-1) = 24
(  1)> F(-1) = 24
(  1)> F(-1) = 24
(  1)> F(-1) = 24
(  1)> F(-1) = 24
(  1)> F(-1) = 24
(  1)> F(-1) = 24
(  1)> F(-1) = 24
(  1)> F(-1) = 24
(  1)> F(-1) = 24
(  1)> F(-1) = 24
(  1)> F(-1) = 24
(  1)> F(-1) = 24
(  1)> F(-1) = 24
(  1)> F(-1) = 24
(  1)> F(-1) = 24
(  1)> F(-1) = 24
(  1)> F(-1) = 24
(  1)> F(-1) = 24
(  1)> F(-1) = 24
(  1)> F(-1) = 24
(  1)> F(-1) = 24
(  1)> F(-1) = 24
(  1)> F(-1) = 24
(  1)> F(-1) = 24
(  1)> F(-1) = 24
(  1)> F(-1) = 24
(  1)> F(-1) = 24
(  1)> F(-1) = 24
(  1)> F(-1) = 24
(  1)> F(-1) = 24
(  1)> F(-1) = 24
(  1)> F(-1) = 24
(  1)> F(-1) = 24
(  1)> F(-1) = 24
(  1)> F(-1) = 24
(  1)> F(-1) = 24
(  1)> F(-1) = 24
(  1)> F(-1) = 24
(  1)> F(-1) = 24
(  1)> F(-1) = 24
(  1)> F(-1) = 24
(  1)> F(-1) = 24
(  1)> F(-1) = 24
(  1)> F(-1) = 24
(  1)> F(-1) = 24
(  1)> F(-1) = 24
(  1)> F(-1) = 24
(  1)> F(-1) = 24
(  1)> F(-1) = 24
(  1)> F(-1) = 24
(  1)> F(-1) = 24
(  1)> F(-1) = 24
(  1)> F(-1) = 24
(  1)> F(-1) = 24
(  1)> F(-1) = 24
(  1)> F(-1) = 24
(  1)> F(-1) = 24
(  1)> F(-1) = 24
(  1)> F(-1) = 24
(  1)> F(-1) = 24
(  1)> F(-1) = 24
(  1)> F(-1) = 24
(  1)> F(-1) = 24
(  1)> F(-1) = 24
(  1)> F(-1) = 24
(  1)> F(-1) = 24
(  1)> F(-1) = 24
(  1)> F(-1) = 24
(  1)> F(-1) = 24
(  1)> F(-1) = 24
(  1)> F(-1) = 24
(  1)> F(-1) = 24
(  1)> F(-1) = 24
(  1)> F(-1) = 24
(  1)> F(-1) = 24
(  1)> F(-1) = 24
(  1)> F(-1) = 24
(  1)> F(-1) = 24
(  1)> F(-1) = 24
(  1)> F(-1) = 24
(  1)> F(-1) = 24
(  1)> F(-1) = 24
(  1)> F(-1) = 24
(  1)> F(-1) = 24
(  1)> F(-1) = 24
(  1)> F(-1) = 24
(  1)> F(-1) = 24
(  1)> F(-1) = 24
(  1)> F(-1) = 24
(  1)> F(-1) = 24
(  1)> F(-1) = 24
(  1)> F(-1) = 24
(  1)> F(-1) = 24
(  1)> F(-1) = 24
(  1)> F(-1) = 24
(  1)> F(-1) = 24
(  1)> F(-1) = 24
(  1)> F(-1) = 24
(  1)> F(-1) = 24
(  1)> F(-1) = 24
(  1)> F(-1) = 24
(  1)> F(-1) = 24
(  1)> F(-1) = 24
(  1)> F(-1) = 24
(  1)> F(-1) = 24
(  1)> F(-1) = 24
(  1)> F(-1) = 24
(  1)> F(-1) = 24
(  1)> F(-1) = 24
(  1)> F(-1) = 24
(  1)> F(-1) = 24
(  1)> F(-1) = 24
(  1)> F(-1) = 24
(  1)> F(-1) = 24
(  1)> F(-1) = 24
(  1)> F(-1) = 24
(  1)> F(-1) = 24
(  1)> F(-1) = 24
(  1)> F(-1) = 24
(  1)> F(-1) = 24
(  1)> F(-1) = 24
(  1)> F(-1) = 24
(  1)> F(-1) = 24
(  1)> F(-1) = 24
(  1)> F(-1) = 24
(  1)> F(-1) = 24
(  1)> F(-1) = 24
(  1)> F(-1) = 24
(  1)> F(-1) = 24
(  1)> F(-1) = 24
(  1)> F(-1) = 24
(  1)> F(-1) = 24
(  1)> F(-1) = 24
(  1)> F(-1) = 24
(  1)> F(-1) = 24
(  1)> F(-1) = 24
(  1)> F(-1) = 24
(  1)> F(-1) = 24
(  1)> F(-1) = 24
(  1)> F(-1) = 24
(  1)> F(-1) = 24
(  1)> F(-1) = 24
(  1)> F(-1) = 24
(  1)> F(-1) = 24
(  1)> F(-1) = 24
(  1)> F(-1) = 24
(  1)> F(-1) = 24
(  1)> F(-1) = 24
(  1)> F(-1) = 24
(  1)> F(-1) = 24
(  1)> F(-1) = 24
(  1)> F(-1) = 24
(  1)> F(-1) = 24
(  1)> F(-1) = 24
(  1)> F(-1) = 24
(  1)> F(-1) = 24
(  1)> F(-1) = 24
(  1)> F(-1) = 24
(  1)> F(-1) = 24
(  1)> F(-1) = 24
(  1)> F(-1) = 24
(  1)> F(-1) = 24
(  1)> F(-1) = 24
(  1)> F(-1) = 24
(  1)> F(-1) = 24
(  1)> F(-1) = 24
(  1)> F(-1) = 24
(  1)> F(-1) = 24
(  1)> F(-1) = 24
(  1)> F(-1) = 24
(  1)> F(-1) = 24
(  1)> F(-1) = 24
(  1)> F(-1) = 24
(  1)> F(-1) = 24
(  1)> F(-1) = 24
(  1)> F(-1) = 24
(  1)> F(-1) = 24
(  1)> F(-1) = 24
(  1)> F(-1) = 24
(  1)> F(-1) = 24
(  1)> F(-1) = 24
(  1)> F(-1) = 24
(  1)> F(-1) = 24
(  1)> F(-1) = 24
(  1)> F(-1) = 24
(  1)> F(-1) = 24
(  1)> F(-1) = 24
(  1)> F(-1) = 24
(  1)> F(-1) = 24
(  1)> F(-1) = 24
(  1)> F(-1) = 24
(  1)> F(-1) = 24
(  1)> F(-1) = 24
(  1)> F(-1) = 24
(  1)> F(-1) = 24
(  1)> F(-1) = 24
(  1)> F(-1) = 24
(  1)> F(-1) = 24
(  1)> F(-1) = 24
(  1)> F(-1) = 24
(  1)> F(-1) = 24
(  1)> F(-1) = 24
(  1)> F(-1) = 24
(  1)> F(-1) = 24
(  1)> F(-1) = 24
(  1)> F(-1) = 24
(  1)> F(-1) = 24
(  1)> F(-1) = 24
(  1)> F(-1) = 24
(  1)> F(-1) = 24
(  1)> F(-1) = 24
(  1)> F(-1) = 24
(  1)> F(-1) = 24
(  1)> F(-1) = 24
(  1)> F(-1) = 24
(  1)> F(-1) = 24
(  1)> F(-1) = 24
(  1)> F(-1) = 24
(  1)> F(-1) = 24
(  1)> F(-1) = 24
(  1)> F(-1) = 24
(  1)> F(-1) = 24
(  1)> F(-1) = 24
(  1)> F(-1) = 24
(  1)> F(-1) = 24
(  1)> F(-1) = 24
(  1)> F(-1) = 24
(  1)> F(-1) = 24
(  1)> F(-1) = 24
(  1)> F(-1) = 24
(  1)> F(-1) = 24
(  1)> F(-1) = 24
(  1)> F(-1) = 24
(  1)> F(-1) = 24
(  1)> F(-1) = 24
(  1)> F(-1) = 24
(  1)> F(-1) = 24
(  1)> F(-1) = 24
(  1)> F(-1) = 24
(  1)> F(-1) = 24
(  1)> F(-1) = 24
(  1)> F(-1) = 24
(  1)> F(-1) = 24
(  1)> F(-1) = 24
(  1)> F(-1) = 24
(  1)> F(-1) = 24
(  1)> F(-1) = 24
(  1)> F(-1) = 24
(  1)> F(-1) = 24
(  1)> F(-1) = 24
(  1)> F(-1) = 24
(  1)> F(-1) = 24
(  1)> F(-1) = 24
(  1)> F(-1) = 24
(  1)> F(-1) = 24
(  1)> F(-1) = 24
(  1)> F(-1) = 24
(  1)> F(-1) = 24
(  1)> F(-1) = 24
(  1)> F(-1) = 24
(  1)> F(-1) = 24
(  1)> F(-1) = 24
(  1)> F(-1) = 24
(  1)> F(-1) = 24
(  1)> F(-1) = 24
(  1)> F(-1) = 24
(  1)> F(-1) = 24
(  1)> F(-1) = 24
(  1)> F(-1) = 24
(  1)> F(-1) = 24
(  1)> F(-1) = 24
(  1)> F(-1) = 24
(  1)> F(-1) = 24
(  1)> F(-1) = 24
(  1)> F(-1) = 24
(  1)> F(-1) = 24
(  1)> F(-1) = 24
(  1)> F(-1) = 24
(  1)> F(-1) = 24
(  1)> F(-1) = 24
(  1)> F(-1) = 24
(  1)> F(-1) = 24
(  1)> F(-1) = 24
(  1)> F(-1) = 24
(  1)> F(-1) = 24
(  1)> F(-1) = 24
(  1)> F(-1) = 24
(  1)> F(-1) = 24
(  1)> F(-1) = 24
(  1)> F(-1) = 24
(  1)> F(-1) = 24
(  1)> F(-1) = 24
(  1)> F(-1) = 24
(  1)> F(-1) = 24
(  1)> F(-1) = 24
(  1)> F(-1) = 24
(  1)> F(-1) = 24
(  1)> F(-1) = 24
(  1)> F(-1) = 24
(  1)> F(-1) = 24
(  1)> F(-1) = 24
(  1)> F(-1) = 24
(  1)> F(-1) = 24
(  1)> F(-1) = 24
(  1)> F(-1) = 24
(  1)> F(-1) = 24
(  1)> F(-1) = 24
(  1)> F(-1) = 24
(  1)> F(-1) = 24
(  1)> F(-1) = 24
(  1)> F(-1) = 24
(  1)> F(-1) = 24
(  1)> F(-1) = 24
(  1)> F(-1) = 24
(  1)> F(-1) = 24
(  1)> F(-1) = 24
(  1)> F(-1) = 24
(  1)> F(-1) = 24
(  1)> F(-1) = 24
(  1)> F(-1) = 24
(  1)> F(-1) = 24
(  1)> F(-1) = 24
(  1)> F(-1) = 24
(  1)> F(-1) = 24
(  1)> F(-1) = 24
(  1)> F(-1) = 24
(  1)> F(-1) = 24
(  1)> F(-1) = 24
(  1)> F(-1) = 24
(  1)> F(-1) = 24
(  1)> F(-1) = 24
(  1)> F(-1) = 24
(  1)> F(-1) = 24
(  1)> F(-1) = 24
(  1)> F(-1) = 24
(  1)> F(-1) = 24
(  1)> F(-1) = 24
(  1)> F(-1) = 24
(  1)> F(-1) = 24
(  1)> F(-1) = 24
(  1)> F(-1) = 24
(  1)> F(-1) = 24
(  1)> F(-1) = 24
(  1)> F(-1) = 24
(  1)> F(-1) = 24
(  1)> F(-1) = 24
(  1)> F(-1) = 24
(  1)> F(-1) = 24
(  1)> F(-1) = 24
(  1)> F(-1) = 24
(  1)> F(-1) = 24
(  1)> F(-1) = 24
(  1)> F(-1) = 24
(  1)> F(-1) = 24
(  1)> F(-1) = 24
(  1)> F(-1) = 24
(  1)> F(-1) = 24
(  1)> F(-1) = 24
(  1)> F(-1) = 24
(  1)> F(-1) = 24
(  1)> F(-1) = 24
(  1)> F(-1) = 24
(  1)> F(-1) = 24
(  1)> F(-1) = 24
(  1)> F(-1) = 24
(  1)> F(-1) = 24
(  1)> F(-1) = 24
(  1)> F(-1) = 24
(  1)> F(-1) = 24
(  1)> F(-1) = 24
(  1)> F(-1) = 24
(  1)> F(-1) = 24
(  1)> F(-1) = 24
(  1)> F(-1) = 24
(  1)> F(-1) = 24
(  1)> F(-1) = 24
(  1)> F(-1) = 24
(  1)> F(-1) = 24
(  1)> F(-1) = 24
(  1)> F(-1) = 24
(  1)> F(-1) = 24
(  1)> F(-1) = 24
(  1)> F(-1) = 24
(  1)> F(-1) = 24
(  1)> F(-1) = 24
(  1)> F(-1) = 24
(  1)> F(-1) = 24
(  1)> F(-1) = 24
(  1)> F(-1) = 24
(  1)> F(-1) = 24
(  1)> F(-1) = 24
(  1)> F(-1) = 24
(  1)> F(-1) = 24
(  1)> F(-1) = 24
(  1)> F(-1) = 24
(  1)> F(-1) = 24
(  1)> F(-1) = 24
(  1)> F(-1) = 24
(  1)> F(-1) = 24
(  1)> F(-1) = 24
(  1)> F(-1) = 24
(  1)> F(-1) = 24
(  1)> F(-1) = 24
(  1)> F(-1) = 24
(  1)> F(-1) = 24
(  1)> F(-1) = 24
(  1)> F(-1) = 24
(  1)> F(-1) = 24
(  1)> F(-1) = 24
(  1)> F(-1) = 24
(  1)> F(-1) = 24
(  1)> F(-1) = 24
(  1)> F(-1) = 24
(  1)> F(-1) = 24
(  1)> F(-1) = 24
(  1)> F(-1) = 24
(  1)> F(-1) = 24
(  1)> F(-1) = 24
(  1)> F(-1) = 24
(  1)> F(-1) = 24
(  1)> F(-1) = 24
(  1)> F(-1) = 24
(  1)> F(-1) = 24
(  1)> F(-1) = 24
(  1)> F(-1) = 24
(  1)> F(-1) = 24
(  1)> F(-1) = 24
(  1)> F(-1) = 24
(  1)> F(-1) = 24
(  1)> F(-1) = 24
(  1)> F(-1) = 24
(  1)> F(-1) = 24
(  1)> F(-1) = 24
(  1)> F(-1) = 24
(  1)> F(-1) = 24
(  1)> F(-1) = 24
(  1)> F(-1) = 24
(  1)> F(-1) = 24
(  1)> F(-1) = 24
(  1)> F(-1) = 24
(  1)> F(-1) = 24
(  1)> F(-1) = 24
(  1)> F(-1) = 24
(  1)> F(-1) = 24
(  1)> F(-1) = 24
(  1)> F(-1) = 24
(  1)> F(-1) = 24
(  1)> F(-1) = 24
(  1)> F(-1) = 24
(  1)> F(-1) = 24
(  1)> F(-1) = 24
(  1)> F(-1) = 24
(  1)> F(-1) = 24
(  1)> F(-1) = 24
(  1)> F(-1) = 24
(  1)> F(-1) = 24
(  1)> F(-1) = 24
(  1)> F(-1) = 24
(  1)> F(-1) = 24
(  1)> F(-1) = 24
(  1)> F(-1) = 24
(  1)> F(-1) = 24
(  1)> F(-1) = 24
(  1)> F(-1) = 24
(  1)> F(-1) = 24
(  1)> F(-1) = 24
(  1)> F(-1) = 24
(  1)> F(-1) = 24
(  1)> F(-1) = 24
(  1)> F(-1) = 24
(  1)> F(-1) = 24
(  1)> F(-1) = 24
(  1)> F(-1) = 24
(  1)> F(-1) = 24
(  1)> F(-1) = 24
(  1)> F(-1) = 24
(  1)> F(-1) = 24
(  1)> F(-1) = 24
(  1)> F(-1) = 24
(  1)> F(-1) = 24
(  1)> F(-1) = 24
(  1)> F(-1) = 24
(  1)> F(-1) = 24
(  1)> F(-1) = 24
(  1)> F(-1) = 24
(  1)> F(-1) = 24
(  1)> F(-1) = 24
(  1)> F(-1) = 24
(  1)> F(-1) = 24
(  1)> F(-1) = 24
(  1)> F(-1) = 24
(  1)> F(-1) = 24
(  1)> F(-1) = 24
(  1)> F(-1) = 24
(  1)> F(-1) = 24
(  1)> F(-1) = 24
(  1)> F(-1) = 24
(  1)> F(-1) = 24
(  1)> F(-1) = 24
(  1)> F(-1) = 24
(  1)> F(-1) = 24
(  1)> F(-1) = 24
(  1)> F(-1) = 24
(  1)> F(-1) = 24
(  1)> F(-1) = 24
(  1)> F(-1) = 24
(  1)> F(-1) = 24
(  1)> F(-1) = 24
(  1)> F(-1) = 24
(  1)> F(-1) = 24
(  1)> F(-1) = 24
(  1)> F(-1) = 24
(  1)> F(-1) = 24
(  1)> F(-1) = 24
(  1)> F(-1) = 24
(  1)> F(-1) = 24
(  1)> F(-1) = 24
(  1)> F(-1) = 24
(  1)> F(-1) = 24
(  1)> F(-1) = 24
(  1)> F(-1) = 24
(  1)> F(-1) = 24
(  1)> F(-1) = 24
(  1)> F(-1) = 24
(  1)> F(-1) = 24
(  1)> F(-1) = 24
(  1)> F(-1) = 24
(  1)> F(-1) = 24
(  1)> F(-1) = 24
(  1)> F(-1) = 24
(  1)> F(-1) = 24
(  1)> F(-1) = 24
(  1)> F(-1) = 24
(  1)> F(-1) = 24
(  1)> F(-1) = 24
(  1)> F(-1) = 24
(  1)> F(-1) = 24
(  1)> F(-1) = 24
(  1)> F(-1) = 24
(  1)> F(-1) = 24
(  1)> F(-1) = 24
(  1)> F(-1) = 24
(  1)> F(-1) = 24
(  1)> F(-1) = 24
(  1)> F(-1) = 24
(  1)> F(-1) = 24
(  1)> F(-1) = 24
(  1)> F(-1) = 24
(  1)> F(-1) = 24
(  1)> F(-1) = 24
(  1)> F(-1) = 24
(  1)> F(-1) = 24
(  1)> F(-1) = 24
(  1)> F(-1) = 24
(  1)> F(-1) = 24
(  1)> F(-1) = 24
(  1)> F(-1) = 24
(  1)> F(-1) = 24
(  1)> F(-1) = 24
(  1)> F(-1) = 24
(  1)> F(-1) = 24
(  1)> F(-1) = 24
(  1)> F(-1) = 24
(  1)> F(-1) = 24
(  1)> F(-1) = 24
(  1)> F(-1) = 24
(  1)> F(-1) = 24
(  1)> F(-1) = 24
(  1)> F(-1) = 24
(  1)> F(-1) = 24
(  1)> F(-1) = 24
(  1)> F(-1) = 24
(  1)> F(-1) = 24
(  1)> F(-1) = 24
(  1)> F(-1) = 24
(  1)> F(-1) = 24
(  1)> F(-1) = 24
(  1)> F(-1) = 24
(  1)> F(-1) = 24
(  1)> F(-1) = 24
(  1)> F(-1) = 24
(  1)> F(-1) = 24
(  1)> F(-1) = 24
(  1)> F(-1) = 24
(  1)> F(-1) = 24
(  1)> F(-1) = 24
(  1)> F(-1) = 24
(  1)> F(-1) = 24
(  1)> F(-1) = 24
(  1)> F(-1) = 24
(  1)> F(-1) = 24
(  1)> F(-1) = 24
(  1)> F(-1) = 24
(  1)> F(-1) = 24
(  1)> F(-1) = 24
(  1)> F(-1) = 24
(  1)> F(-1) = 24
(  1)> F(-1) = 24
(  1)> F(-1) = 24
(  1)> F(-1) = 24
(  1)> F(-1) = 24
(  1)> F(-1) = 24
(  1)> F(-1) = 24
(  1)> F(-1) = 24
(  1)> F(-1) = 24
(  1)> F(-1) = 24
(  1)> F(-1) = 24
(  1)> F(-1) = 24
(  1)> F(-1) = 24
(  1)> F(-1) = 24
(  1)> F(-1) = 24
(  1)> F(-1) = 24
(  1)> F(-1) = 24
(  1)> F(-1) = 24
(  1)> F(-1) = 24
(  1)> F(-1) = 24
(  1)> F(-1) = 24
(  1)> F(-1) = 24
(  1)> F(-1) = 24
(  1)> F(-1) = 24
(  1)> F(-1) = 24
(  1)> F(-1) = 24
(  1)> F(-1) = 24
(  1)> F(-1) = 24
(  1)> F(-1) = 24
(  1)> F(-1) = 24
(  1)> F(-1) = 24
(  1)> F(-1) = 24
(  1)> F(-1) = 24
(  1)> F(-1) = 24
(  1)> F(-1) = 24
(  1)> F(-1) = 24
(  1)> F(-1) = 24
(  1)> F(-1) = 24
(  1)> F(-1) = 24
(  1)> F(-1) = 24
(  1)> F(-1) = 24
(  1)> F(-1) = 24
(  1)> F(-1) = 24
(  1)> F(-1) = 24
(  1)> F(-1) = 24
(  1)> F(-1) = 24
(  1)> F(-1) = 24
(  1)> F(-1) = 24
(  1)> F(-1) = 24
(  1)> F(-1) = 24
(  1)> F(-1) = 24
(  1)> F(-1) = 24
(  1)> F(-1) = 24
(  1)> F(-1) = 24
(  1)> F(-1) = 24
(  1)> F(-1) = 24
(  1)> F(-1) = 24
(  1)> F(-1) = 24
(  1)> F(-1) = 24
(  1)> F(-1) = 24
(  1)> F(-1) = 24
(  1)> F(-1) = 24
(  1)> F(-1) = 24
(  1)> F(-1) = 24
(  1)> F(-1) = 24
(  1)> F(-1) = 24
(  1)> F(-1) = 24
(  1)> F(-1) = 24
(  1)> F(-1) = 24
(  1)> F(-1) = 24
(  1)> F(-1) = 24
(  1)> F(-1) = 24
(  1)> F(-1) = 24
(  1)> F(-1) = 24
(  1)> F(-1) = 24
(  1)> F(-1) = 24
(  1)> F(-1) = 24
(  1)> F(-1) = 24
(  1)> F(-1) = 24
(  1)> F(-1) = 24
(  1)> F(-1) = 24
(  1)> F(-1) = 24
(  1)> F(-1) = 24
(  1)> F(-1) = 24
(  1)> F(-1) = 24
(  1)> F(-1) = 24
(  1)> F(-1) = 24
(  1)> F(-1) = 24
(  1)> F(-1) = 24
(  1)> F(-1) = 24
(  1)> F(-1) = 24
(  1)> F(-1) = 24
(  1)> F(-1) = 24
(  1)> F(-1) = 24
(  1)> F(-1) = 24
(  1)> F(-1) = 24
(  1)> F(-1) = 24
(  1)> F(-1) = 24
(  1)> F(-1) = 24
(  1)> F(-1) = 24
(  1)> F(-1) = 24
(  1)> F(-1) = 24
(  1)> F(-1) = 24
(  1)> F(-1) = 24
(  1)> F(-1) = 24
(  1)> F(-1) = 24
(  1)> F(-1) = 24
(  1)> F(-1) = 24
(  1)> F(-1) = 24
(  1)> F(-1) = 24
(  1)> F(-1) = 24
(  1)> F(-1) = 24
(  1)> F(-1) = 24
(  1)> F(-1) = 24
(  1)> F(-1) = 24
(  1)> F(-1) = 24
(  1)> F(-1) = 24
(  1)> F(-1) = 24
(  1)> F(-1) = 24
(  1)> F(-1) = 24
(  1)> F(-1) = 24
(  1)> F(-1) = 24
(  1)> F(-1) = 24
(  1)> F(-1) = 24
(  1)> F(-1) = 24
(  1)> F(-1) = 24
(  1)> F(-1) = 24
(  1)> F(-1) = 24
(  1)> F(-1) = 24
(  1)> F(-1) = 24
(  1)> F(-1) = 24
(  1)> F(-1) = 24
(  1)> F(-1) = 24
(  1)> F(-1) = 24
(  1)> F(-1) = 24
(  1)> F(-1) = 24
(  1)> F(-1) = 24
(  1)> F(-1) = 24
(  1)> F(-1) = 24
(  1)> F(-1) = 24
(  1)> F(-1) = 24
(  1)> F(-1) = 24
(  1)> F(-1) = 24
(  1)> F(-1) = 24
(  1)> F(-1) = 24
(  1)> F(-1) = 24
(  1)> F(-1) = 24
(  1)> F(-1) = 24
(  1)> F(-1) = 24
(  1)> F(-1) = 24
(  1)> F(-1) = 24
(  1)> F(-1) = 24
(  1)> F(-1) = 24
(  1)> F(-1) = 24
(  1)> F(-1) = 24
(  1)> F(-1) = 24
(  1)> F(-1) = 24
(  1)> F(-1) = 24
(  1)> F(-1) = 24
(  1)> F(-1) = 24
(  1)> F(-1) = 24
(  1)> F(-1) = 24
(  1)> F(-1) = 24
(  1)> F(-1) = 24
(  1)> F(-1) = 24
(  1)> F(-1) = 24
(  1)> F(-1) = 24
(  1)> F(-1) = 24
(  1)> F(-1) = 24
(  1)> F(-1) = 24
(  1)> F(-1) = 24
(  1)> F(-1) = 24
(  1)> F(-1) = 24
(  1)> F(-1) = 24
(  1)> F(-1) = 24
(  1)> F(-1) = 24
(  1)> F(-1) = 24
(  1)> F(-1) = 24
(  1)> F(-1) = 24
(  1)> F(-1) = 24
(  1)> F(-1) = 24
(  1)> F(-1) = 24
(  1)> F(-1) = 24
(  1)> F(-1) = 24
(  1)> F(-1) = 24
(  1)> F(-1) = 24
(  1)> F(-1) = 24
(  1)> F(-1) = 24
(  1)> F(-1) = 24
(  1)> F(-1) = 24
(  1)> F(-1) = 24
(  1)> F(-1) = 24
(  1)> F(-1) = 24
(  1)> F(-1) = 24
(  1)> F(-1) = 24
(  1)> F(-1) = 24
(  1)> F(-1) = 24
(  1)> F(-1) = 24
(  1)> F(-1) = 24
(  1)> F(-1) = 24
(  1)> F(-1) = 24
(  1)> F(-1) = 24
(  1)> F(-1) = 24
(  1)> F(-1) = 24
(  1)> F(-1) = 24
(  1)> F(-1) = 24
(  1)> F(-1) = 24
(  1)> F(-1) = 24
(  1)> F(-1) = 24
(  1)> F(-1) = 24
(  1)> F(-1) = 24
(  1)> F(-1) = 24
(  1)> F(-1) = 24
(  1)> F(-1) = 24
(  1)> F(-1) = 24
(  1)> F(-1) = 24
(  1)> F(-1) = 24
(  1)> F(-1) = 24
(  1)> F(-1) = 24
(  1)> F(-1) = 24
(  1)> F(-1) = 24
(  1)> F(-1) = 24
(  1)> F(-1) = 24
(  1)> F(-1) = 24
(  1)> F(-1) = 24
(  1)> F(-1) = 24
(  1)> F(-1) = 24
(  1)> F(-1) = 24
(  1)> F(-1) = 24
(  1)> F(-1) = 24
(  1)> F(-1) = 24
(  1)> F(-1) = 24
(  1)> F(-1) = 24
(  1)> F(-1) = 24
(  1)> F(-1) = 24
(  1)> F(-1) = 24
(  1)> F(-1) = 24
(  1)> F(-1) = 24
(  1)> F(-1) = 24
(  1)> F(-1) = 24
(  1)> F(-1) = 24
(  1)> F(-1) = 24
(  1)> F(-1) = 24
(  1)> F(-1) = 24
(  1)> F(-1) = 24
(  1)> F(-1) = 24
(  1)> F(-1) = 24
(  1)> F(-1) = 24
(  1)> F(-1) = 24
(  1)> F(-1) = 24
(  1)> F(-1) = 24
(  1)> F(-1) = 24
(  1)> F(-1) = 24
(  1)> F(-1) = 24
(  1)> F(-1) = 24
(  1)> F(-1) = 24
(  1)> F(-1) = 24
(  1)> F(-1) = 24
(  1)> F(-1) = 24
(  1)> F(-1) = 24
(  1)> F(-1) = 24
(  1)> F(-1) = 24
(  1)> F(-1) = 24
(  1)> F(-1) = 24
(  1)> F(-1) = 24
(  1)> F(-1) = 24
(  1)> F(-1) = 24
(  1)> F(-1) = 24
(  1)> F(-1) = 24
(  1)> F(-1) = 24
(  1)> F(-1) = 24
(  1)> F(-1) = 24
(  1)> F(-1) = 24
(  1)> F(-1) = 24
(  1)> F(-1) = 24
(  1)> F(-1) = 24
(  1)> F(-1) = 24
(  1)> F(-1) = 24
(  1)> F(-1) = 24
(  1)> F(-1) = 24
(  1)> F(-1) = 24
(  1)> F(-1) = 24
(  1)> F(-1) = 24
(  1)> F(-1) = 24
(  1)> F(-1) = 24
(  1)> F(-1) = 24
(  1)> F(-1) = 24
(  1)> F(-1) = 24
(  1)> F(-1) = 24
(  1)> F(-1) = 24
(  1)> F(-1) = 24
(  1)> F(-1) = 24
(  1)> F(-1) = 24
(  1)> F(-1) = 24
(  1)> F(-1) = 24
(  1)> F(-1) = 24
(  1)> F(-1) = 24
(  1)> F(-1) = 24
(  1)> F(-1) = 24
